{"/Users/sergiumironescuiancu1/Desktop/Sergio/React/React_Native/moodem/App.js": {"path":"/Users/sergiumironescuiancu1/Desktop/Sergio/React/React_Native/moodem/App.js","statementMap":{"0":{"start":{"line":22,"column":10},"end":{"line":32,"column":3}},"1":{"start":{"line":39,"column":4},"end":{"line":39,"column":30}},"2":{"start":{"line":41,"column":4},"end":{"line":41,"column":68}},"3":{"start":{"line":42,"column":4},"end":{"line":42,"column":19}},"4":{"start":{"line":46,"column":4},"end":{"line":46,"column":24}},"5":{"start":{"line":49,"column":27},"end":{"line":62,"column":3}},"6":{"start":{"line":50,"column":4},"end":{"line":61,"column":5}},"7":{"start":{"line":51,"column":6},"end":{"line":55,"column":9}},"8":{"start":{"line":57,"column":6},"end":{"line":60,"column":9}},"9":{"start":{"line":64,"column":12},"end":{"line":66,"column":4}},"10":{"start":{"line":64,"column":18},"end":{"line":66,"column":4}},"11":{"start":{"line":65,"column":4},"end":{"line":65,"column":46}},"12":{"start":{"line":68,"column":29},"end":{"line":76,"column":3}},"13":{"start":{"line":69,"column":4},"end":{"line":75,"column":7}},"14":{"start":{"line":78,"column":22},"end":{"line":85,"column":3}},"15":{"start":{"line":79,"column":4},"end":{"line":83,"column":5}},"16":{"start":{"line":80,"column":6},"end":{"line":80,"column":67}},"17":{"start":{"line":82,"column":6},"end":{"line":82,"column":41}},"18":{"start":{"line":88,"column":4},"end":{"line":88,"column":55}},"19":{"start":{"line":94,"column":8},"end":{"line":94,"column":18}},"20":{"start":{"line":96,"column":4},"end":{"line":118,"column":5}},"21":{"start":{"line":97,"column":6},"end":{"line":97,"column":33}},"22":{"start":{"line":98,"column":11},"end":{"line":118,"column":5}},"23":{"start":{"line":99,"column":6},"end":{"line":103,"column":8}},"24":{"start":{"line":104,"column":11},"end":{"line":118,"column":5}},"25":{"start":{"line":105,"column":21},"end":{"line":105,"column":44}},"26":{"start":{"line":107,"column":6},"end":{"line":109,"column":8}},"27":{"start":{"line":120,"column":4},"end":{"line":128,"column":6}},"28":{"start":{"line":124,"column":43},"end":{"line":124,"column":85}}},"fnMap":{"0":{"name":"(anonymous_0)","decl":{"start":{"line":35,"column":2},"end":{"line":35,"column":3}},"loc":{"start":{"line":35,"column":22},"end":{"line":43,"column":3}},"line":35},"1":{"name":"(anonymous_1)","decl":{"start":{"line":45,"column":2},"end":{"line":45,"column":3}},"loc":{"start":{"line":45,"column":25},"end":{"line":47,"column":3}},"line":45},"2":{"name":"(anonymous_2)","decl":{"start":{"line":49,"column":27},"end":{"line":49,"column":28}},"loc":{"start":{"line":49,"column":35},"end":{"line":62,"column":3}},"line":49},"3":{"name":"(anonymous_3)","decl":{"start":{"line":64,"column":12},"end":{"line":64,"column":13}},"loc":{"start":{"line":64,"column":18},"end":{"line":66,"column":4}},"line":64},"4":{"name":"(anonymous_4)","decl":{"start":{"line":64,"column":39},"end":{"line":64,"column":40}},"loc":{"start":{"line":64,"column":53},"end":{"line":66,"column":3}},"line":64},"5":{"name":"(anonymous_5)","decl":{"start":{"line":68,"column":29},"end":{"line":68,"column":30}},"loc":{"start":{"line":68,"column":45},"end":{"line":76,"column":3}},"line":68},"6":{"name":"(anonymous_6)","decl":{"start":{"line":78,"column":22},"end":{"line":78,"column":23}},"loc":{"start":{"line":78,"column":32},"end":{"line":85,"column":3}},"line":78},"7":{"name":"(anonymous_7)","decl":{"start":{"line":87,"column":2},"end":{"line":87,"column":3}},"loc":{"start":{"line":87,"column":11},"end":{"line":129,"column":3}},"line":87},"8":{"name":"(anonymous_8)","decl":{"start":{"line":124,"column":37},"end":{"line":124,"column":38}},"loc":{"start":{"line":124,"column":43},"end":{"line":124,"column":85}},"line":124}},"branchMap":{"0":{"loc":{"start":{"line":50,"column":4},"end":{"line":61,"column":5}},"type":"if","locations":[{"start":{"line":50,"column":4},"end":{"line":61,"column":5}},{"start":{"line":50,"column":4},"end":{"line":61,"column":5}}],"line":50},"1":{"loc":{"start":{"line":79,"column":4},"end":{"line":83,"column":5}},"type":"if","locations":[{"start":{"line":79,"column":4},"end":{"line":83,"column":5}},{"start":{"line":79,"column":4},"end":{"line":83,"column":5}}],"line":79},"2":{"loc":{"start":{"line":96,"column":4},"end":{"line":118,"column":5}},"type":"if","locations":[{"start":{"line":96,"column":4},"end":{"line":118,"column":5}},{"start":{"line":96,"column":4},"end":{"line":118,"column":5}}],"line":96},"3":{"loc":{"start":{"line":98,"column":11},"end":{"line":118,"column":5}},"type":"if","locations":[{"start":{"line":98,"column":11},"end":{"line":118,"column":5}},{"start":{"line":98,"column":11},"end":{"line":118,"column":5}}],"line":98},"4":{"loc":{"start":{"line":104,"column":11},"end":{"line":118,"column":5}},"type":"if","locations":[{"start":{"line":104,"column":11},"end":{"line":118,"column":5}},{"start":{"line":104,"column":11},"end":{"line":118,"column":5}}],"line":104},"5":{"loc":{"start":{"line":104,"column":15},"end":{"line":104,"column":48}},"type":"binary-expr","locations":[{"start":{"line":104,"column":15},"end":{"line":104,"column":27}},{"start":{"line":104,"column":31},"end":{"line":104,"column":48}}],"line":104}},"s":{"0":0,"1":0,"2":0,"3":0,"4":0,"5":0,"6":0,"7":0,"8":0,"9":0,"10":0,"11":0,"12":0,"13":0,"14":0,"15":0,"16":0,"17":0,"18":0,"19":0,"20":0,"21":0,"22":0,"23":0,"24":0,"25":0,"26":0,"27":0,"28":0},"f":{"0":0,"1":0,"2":0,"3":0,"4":0,"5":0,"6":0,"7":0,"8":0},"b":{"0":[0,0],"1":[0,0],"2":[0,0],"3":[0,0],"4":[0,0],"5":[0,0]},"hash":"d5233068b093832de660ad3ece5b822527dbf7ea"}
,"/Users/sergiumironescuiancu1/Desktop/Sergio/React/React_Native/moodem/index.js": {"path":"/Users/sergiumironescuiancu1/Desktop/Sergio/React/React_Native/moodem/index.js","statementMap":{"0":{"start":{"line":4,"column":0},"end":{"line":4,"column":51}},"1":{"start":{"line":4,"column":46},"end":{"line":4,"column":49}},"2":{"start":{"line":6,"column":0},"end":{"line":9,"column":1}},"3":{"start":{"line":7,"column":18},"end":{"line":7,"column":84}},"4":{"start":{"line":8,"column":2},"end":{"line":8,"column":52}}},"fnMap":{"0":{"name":"(anonymous_0)","decl":{"start":{"line":4,"column":40},"end":{"line":4,"column":41}},"loc":{"start":{"line":4,"column":46},"end":{"line":4,"column":49}},"line":4}},"branchMap":{"0":{"loc":{"start":{"line":6,"column":0},"end":{"line":9,"column":1}},"type":"if","locations":[{"start":{"line":6,"column":0},"end":{"line":9,"column":1}},{"start":{"line":6,"column":0},"end":{"line":9,"column":1}}],"line":6},"1":{"loc":{"start":{"line":7,"column":18},"end":{"line":7,"column":84}},"type":"binary-expr","locations":[{"start":{"line":7,"column":18},"end":{"line":7,"column":49}},{"start":{"line":7,"column":53},"end":{"line":7,"column":84}}],"line":7}},"s":{"0":0,"1":0,"2":0,"3":0,"4":0},"f":{"0":0},"b":{"0":[0,0],"1":[0,0]},"hash":"037283ca8b1b13f0a6788dc88195677da9907dc2"}
,"/Users/sergiumironescuiancu1/Desktop/Sergio/React/React_Native/moodem/backend/flightplan.js": {"path":"/Users/sergiumironescuiancu1/Desktop/Sergio/React/React_Native/moodem/backend/flightplan.js","statementMap":{"0":{"start":{"line":1,"column":11},"end":{"line":1,"column":32}},"1":{"start":{"line":3,"column":14},"end":{"line":3,"column":22}},"2":{"start":{"line":4,"column":15},"end":{"line":4,"column":23}},"3":{"start":{"line":5,"column":16},"end":{"line":5,"column":25}},"4":{"start":{"line":7,"column":13},"end":{"line":7,"column":49}},"5":{"start":{"line":10,"column":0},"end":{"line":16,"column":3}},"6":{"start":{"line":18,"column":0},"end":{"line":30,"column":3}},"7":{"start":{"line":33,"column":0},"end":{"line":42,"column":3}},"8":{"start":{"line":38,"column":4},"end":{"line":38,"column":44}},"9":{"start":{"line":39,"column":22},"end":{"line":39,"column":66}},"10":{"start":{"line":41,"column":4},"end":{"line":41,"column":50}},"11":{"start":{"line":45,"column":0},"end":{"line":57,"column":3}},"12":{"start":{"line":46,"column":4},"end":{"line":46,"column":38}},"13":{"start":{"line":47,"column":4},"end":{"line":47,"column":67}},"14":{"start":{"line":48,"column":4},"end":{"line":48,"column":36}},"15":{"start":{"line":50,"column":4},"end":{"line":50,"column":39}},"16":{"start":{"line":51,"column":4},"end":{"line":51,"column":102}},"17":{"start":{"line":53,"column":4},"end":{"line":53,"column":37}},"18":{"start":{"line":54,"column":4},"end":{"line":54,"column":77}},"19":{"start":{"line":55,"column":4},"end":{"line":55,"column":83}},"20":{"start":{"line":56,"column":4},"end":{"line":56,"column":64}}},"fnMap":{"0":{"name":"(anonymous_0)","decl":{"start":{"line":33,"column":11},"end":{"line":33,"column":12}},"loc":{"start":{"line":33,"column":28},"end":{"line":42,"column":1}},"line":33},"1":{"name":"(anonymous_1)","decl":{"start":{"line":45,"column":12},"end":{"line":45,"column":13}},"loc":{"start":{"line":45,"column":30},"end":{"line":57,"column":1}},"line":45}},"branchMap":{},"s":{"0":0,"1":0,"2":0,"3":0,"4":0,"5":0,"6":0,"7":0,"8":0,"9":0,"10":0,"11":0,"12":0,"13":0,"14":0,"15":0,"16":0,"17":0,"18":0,"19":0,"20":0},"f":{"0":0,"1":0},"b":{},"hash":"9c26fb3e1825517a559f9ca0b61b1e4971095112"}
,"/Users/sergiumironescuiancu1/Desktop/Sergio/React/React_Native/moodem/backend/index.js": {"path":"/Users/sergiumironescuiancu1/Desktop/Sergio/React/React_Native/moodem/backend/index.js","statementMap":{"0":{"start":{"line":1,"column":12},"end":{"line":1,"column":32}},"1":{"start":{"line":2,"column":15},"end":{"line":2,"column":42}},"2":{"start":{"line":3,"column":11},"end":{"line":3,"column":39}},"3":{"start":{"line":5,"column":0},"end":{"line":7,"column":3}},"4":{"start":{"line":6,"column":2},"end":{"line":6,"column":29}},"5":{"start":{"line":9,"column":19},"end":{"line":9,"column":21}},"6":{"start":{"line":10,"column":16},"end":{"line":10,"column":18}},"7":{"start":{"line":11,"column":14},"end":{"line":11,"column":15}},"8":{"start":{"line":15,"column":0},"end":{"line":83,"column":3}},"9":{"start":{"line":16,"column":2},"end":{"line":20,"column":3}},"10":{"start":{"line":19,"column":4},"end":{"line":19,"column":21}},"11":{"start":{"line":21,"column":2},"end":{"line":21,"column":51}},"12":{"start":{"line":24,"column":2},"end":{"line":66,"column":5}},"13":{"start":{"line":29,"column":4},"end":{"line":36,"column":7}},"14":{"start":{"line":31,"column":6},"end":{"line":34,"column":7}},"15":{"start":{"line":32,"column":8},"end":{"line":32,"column":42}},"16":{"start":{"line":33,"column":8},"end":{"line":33,"column":31}},"17":{"start":{"line":35,"column":6},"end":{"line":35,"column":78}},"18":{"start":{"line":39,"column":4},"end":{"line":47,"column":7}},"19":{"start":{"line":40,"column":6},"end":{"line":45,"column":9}},"20":{"start":{"line":41,"column":8},"end":{"line":44,"column":9}},"21":{"start":{"line":42,"column":10},"end":{"line":42,"column":32}},"22":{"start":{"line":43,"column":10},"end":{"line":43,"column":40}},"23":{"start":{"line":46,"column":6},"end":{"line":46,"column":62}},"24":{"start":{"line":50,"column":4},"end":{"line":57,"column":7}},"25":{"start":{"line":51,"column":6},"end":{"line":55,"column":9}},"26":{"start":{"line":52,"column":8},"end":{"line":54,"column":9}},"27":{"start":{"line":53,"column":10},"end":{"line":53,"column":42}},"28":{"start":{"line":56,"column":6},"end":{"line":56,"column":63}},"29":{"start":{"line":60,"column":4},"end":{"line":65,"column":7}},"30":{"start":{"line":61,"column":6},"end":{"line":61,"column":54}},"31":{"start":{"line":63,"column":6},"end":{"line":63,"column":16}},"32":{"start":{"line":64,"column":6},"end":{"line":64,"column":57}},"33":{"start":{"line":85,"column":0},"end":{"line":87,"column":3}},"34":{"start":{"line":86,"column":2},"end":{"line":86,"column":37}}},"fnMap":{"0":{"name":"(anonymous_0)","decl":{"start":{"line":5,"column":13},"end":{"line":5,"column":14}},"loc":{"start":{"line":5,"column":33},"end":{"line":7,"column":1}},"line":5},"1":{"name":"(anonymous_1)","decl":{"start":{"line":15,"column":20},"end":{"line":15,"column":21}},"loc":{"start":{"line":15,"column":38},"end":{"line":83,"column":1}},"line":15},"2":{"name":"(anonymous_2)","decl":{"start":{"line":16,"column":25},"end":{"line":16,"column":26}},"loc":{"start":{"line":16,"column":34},"end":{"line":20,"column":3}},"line":16},"3":{"name":"(anonymous_3)","decl":{"start":{"line":24,"column":34},"end":{"line":24,"column":35}},"loc":{"start":{"line":24,"column":40},"end":{"line":66,"column":3}},"line":24},"4":{"name":"(anonymous_4)","decl":{"start":{"line":29,"column":36},"end":{"line":29,"column":37}},"loc":{"start":{"line":29,"column":53},"end":{"line":36,"column":5}},"line":29},"5":{"name":"(anonymous_5)","decl":{"start":{"line":39,"column":35},"end":{"line":39,"column":36}},"loc":{"start":{"line":39,"column":65},"end":{"line":47,"column":5}},"line":39},"6":{"name":"(anonymous_6)","decl":{"start":{"line":40,"column":25},"end":{"line":40,"column":26}},"loc":{"start":{"line":40,"column":34},"end":{"line":45,"column":7}},"line":40},"7":{"name":"(anonymous_7)","decl":{"start":{"line":50,"column":36},"end":{"line":50,"column":37}},"loc":{"start":{"line":50,"column":67},"end":{"line":57,"column":5}},"line":50},"8":{"name":"(anonymous_8)","decl":{"start":{"line":51,"column":25},"end":{"line":51,"column":26}},"loc":{"start":{"line":51,"column":34},"end":{"line":55,"column":7}},"line":51},"9":{"name":"(anonymous_9)","decl":{"start":{"line":60,"column":28},"end":{"line":60,"column":29}},"loc":{"start":{"line":60,"column":34},"end":{"line":65,"column":5}},"line":60},"10":{"name":"(anonymous_10)","decl":{"start":{"line":85,"column":20},"end":{"line":85,"column":21}},"loc":{"start":{"line":85,"column":32},"end":{"line":87,"column":1}},"line":85}},"branchMap":{"0":{"loc":{"start":{"line":31,"column":6},"end":{"line":34,"column":7}},"type":"if","locations":[{"start":{"line":31,"column":6},"end":{"line":34,"column":7}},{"start":{"line":31,"column":6},"end":{"line":34,"column":7}}],"line":31},"1":{"loc":{"start":{"line":41,"column":8},"end":{"line":44,"column":9}},"type":"if","locations":[{"start":{"line":41,"column":8},"end":{"line":44,"column":9}},{"start":{"line":41,"column":8},"end":{"line":44,"column":9}}],"line":41},"2":{"loc":{"start":{"line":52,"column":8},"end":{"line":54,"column":9}},"type":"if","locations":[{"start":{"line":52,"column":8},"end":{"line":54,"column":9}},{"start":{"line":52,"column":8},"end":{"line":54,"column":9}}],"line":52}},"s":{"0":0,"1":0,"2":0,"3":0,"4":0,"5":0,"6":0,"7":0,"8":0,"9":0,"10":0,"11":0,"12":0,"13":0,"14":0,"15":0,"16":0,"17":0,"18":0,"19":0,"20":0,"21":0,"22":0,"23":0,"24":0,"25":0,"26":0,"27":0,"28":0,"29":0,"30":0,"31":0,"32":0,"33":0,"34":0},"f":{"0":0,"1":0,"2":0,"3":0,"4":0,"5":0,"6":0,"7":0,"8":0,"9":0,"10":0},"b":{"0":[0,0],"1":[0,0],"2":[0,0]},"hash":"17f4eea8502439bc7c1bbaabb9b387e15b354cbb"}
,"/Users/sergiumironescuiancu1/Desktop/Sergio/React/React_Native/moodem/backend/example-server/index.js": {"path":"/Users/sergiumironescuiancu1/Desktop/Sergio/React/React_Native/moodem/backend/example-server/index.js","statementMap":{"0":{"start":{"line":2,"column":16},"end":{"line":2,"column":34}},"1":{"start":{"line":3,"column":14},"end":{"line":3,"column":30}},"2":{"start":{"line":4,"column":15},"end":{"line":4,"column":32}},"3":{"start":{"line":5,"column":16},"end":{"line":5,"column":30}},"4":{"start":{"line":6,"column":20},"end":{"line":6,"column":42}},"5":{"start":{"line":7,"column":15},"end":{"line":7,"column":32}},"6":{"start":{"line":8,"column":0},"end":{"line":8,"column":16}},"7":{"start":{"line":11,"column":12},"end":{"line":11,"column":21}},"8":{"start":{"line":14,"column":19},"end":{"line":14,"column":48}},"9":{"start":{"line":15,"column":23},"end":{"line":15,"column":56}},"10":{"start":{"line":16,"column":25},"end":{"line":16,"column":60}},"11":{"start":{"line":17,"column":19},"end":{"line":17,"column":80}},"12":{"start":{"line":18,"column":19},"end":{"line":18,"column":40}},"13":{"start":{"line":19,"column":24},"end":{"line":19,"column":64}},"14":{"start":{"line":22,"column":18},"end":{"line":22,"column":47}},"15":{"start":{"line":23,"column":18},"end":{"line":23,"column":64}},"16":{"start":{"line":24,"column":16},"end":{"line":29,"column":1}},"17":{"start":{"line":25,"column":13},"end":{"line":25,"column":54}},"18":{"start":{"line":26,"column":17},"end":{"line":26,"column":48}},"19":{"start":{"line":27,"column":1},"end":{"line":27,"column":31}},"20":{"start":{"line":28,"column":1},"end":{"line":28,"column":18}},"21":{"start":{"line":30,"column":16},"end":{"line":35,"column":1}},"22":{"start":{"line":31,"column":13},"end":{"line":31,"column":56}},"23":{"start":{"line":32,"column":17},"end":{"line":32,"column":48}},"24":{"start":{"line":33,"column":1},"end":{"line":33,"column":32}},"25":{"start":{"line":34,"column":1},"end":{"line":34,"column":18}},"26":{"start":{"line":40,"column":1},"end":{"line":104,"column":4}},"27":{"start":{"line":42,"column":2},"end":{"line":42,"column":21}},"28":{"start":{"line":43,"column":18},"end":{"line":53,"column":3}},"29":{"start":{"line":56,"column":14},"end":{"line":93,"column":4}},"30":{"start":{"line":58,"column":17},"end":{"line":58,"column":19}},"31":{"start":{"line":59,"column":3},"end":{"line":61,"column":6}},"32":{"start":{"line":60,"column":4},"end":{"line":60,"column":24}},"33":{"start":{"line":63,"column":3},"end":{"line":92,"column":5}},"34":{"start":{"line":65,"column":17},"end":{"line":65,"column":21}},"35":{"start":{"line":66,"column":4},"end":{"line":90,"column":5}},"36":{"start":{"line":68,"column":5},"end":{"line":68,"column":37}},"37":{"start":{"line":69,"column":5},"end":{"line":69,"column":32}},"38":{"start":{"line":70,"column":23},"end":{"line":70,"column":50}},"39":{"start":{"line":71,"column":5},"end":{"line":74,"column":6}},"40":{"start":{"line":73,"column":6},"end":{"line":73,"column":53}},"41":{"start":{"line":75,"column":5},"end":{"line":82,"column":6}},"42":{"start":{"line":77,"column":6},"end":{"line":77,"column":41}},"43":{"start":{"line":79,"column":10},"end":{"line":82,"column":6}},"44":{"start":{"line":81,"column":6},"end":{"line":81,"column":34}},"45":{"start":{"line":86,"column":5},"end":{"line":86,"column":26}},"46":{"start":{"line":87,"column":5},"end":{"line":87,"column":25}},"47":{"start":{"line":88,"column":5},"end":{"line":88,"column":19}},"48":{"start":{"line":89,"column":5},"end":{"line":89,"column":12}},"49":{"start":{"line":91,"column":4},"end":{"line":91,"column":45}},"50":{"start":{"line":96,"column":2},"end":{"line":98,"column":5}},"51":{"start":{"line":97,"column":3},"end":{"line":97,"column":17}},"52":{"start":{"line":101,"column":2},"end":{"line":101,"column":37}},"53":{"start":{"line":102,"column":2},"end":{"line":102,"column":18}},"54":{"start":{"line":103,"column":2},"end":{"line":103,"column":12}},"55":{"start":{"line":108,"column":0},"end":{"line":108,"column":47}},"56":{"start":{"line":114,"column":0},"end":{"line":149,"column":3}},"57":{"start":{"line":115,"column":1},"end":{"line":148,"column":2}},"58":{"start":{"line":116,"column":2},"end":{"line":116,"column":22}},"59":{"start":{"line":118,"column":18},"end":{"line":122,"column":3}},"60":{"start":{"line":125,"column":31},"end":{"line":125,"column":74}},"61":{"start":{"line":128,"column":2},"end":{"line":130,"column":3}},"62":{"start":{"line":129,"column":3},"end":{"line":129,"column":56}},"63":{"start":{"line":133,"column":2},"end":{"line":133,"column":47}},"64":{"start":{"line":136,"column":2},"end":{"line":141,"column":3}},"65":{"start":{"line":137,"column":3},"end":{"line":137,"column":41}},"66":{"start":{"line":140,"column":3},"end":{"line":140,"column":19}},"67":{"start":{"line":142,"column":2},"end":{"line":147,"column":3}},"68":{"start":{"line":143,"column":3},"end":{"line":143,"column":24}},"69":{"start":{"line":146,"column":3},"end":{"line":146,"column":16}},"70":{"start":{"line":155,"column":0},"end":{"line":196,"column":3}},"71":{"start":{"line":156,"column":1},"end":{"line":156,"column":24}},"72":{"start":{"line":157,"column":1},"end":{"line":195,"column":2}},"73":{"start":{"line":159,"column":2},"end":{"line":162,"column":3}},"74":{"start":{"line":160,"column":3},"end":{"line":160,"column":71}},"75":{"start":{"line":161,"column":3},"end":{"line":161,"column":10}},"76":{"start":{"line":165,"column":23},"end":{"line":165,"column":54}},"77":{"start":{"line":167,"column":18},"end":{"line":170,"column":3}},"78":{"start":{"line":172,"column":31},"end":{"line":172,"column":74}},"79":{"start":{"line":175,"column":2},"end":{"line":177,"column":3}},"80":{"start":{"line":176,"column":3},"end":{"line":176,"column":56}},"81":{"start":{"line":180,"column":2},"end":{"line":180,"column":47}},"82":{"start":{"line":183,"column":2},"end":{"line":188,"column":3}},"83":{"start":{"line":184,"column":3},"end":{"line":184,"column":41}},"84":{"start":{"line":187,"column":3},"end":{"line":187,"column":19}},"85":{"start":{"line":189,"column":2},"end":{"line":194,"column":3}},"86":{"start":{"line":190,"column":3},"end":{"line":190,"column":24}},"87":{"start":{"line":193,"column":3},"end":{"line":193,"column":16}},"88":{"start":{"line":199,"column":21},"end":{"line":199,"column":73}},"89":{"start":{"line":200,"column":0},"end":{"line":200,"column":95}},"90":{"start":{"line":200,"column":31},"end":{"line":200,"column":93}}},"fnMap":{"0":{"name":"(anonymous_0)","decl":{"start":{"line":24,"column":16},"end":{"line":24,"column":17}},"loc":{"start":{"line":24,"column":26},"end":{"line":29,"column":1}},"line":24},"1":{"name":"(anonymous_1)","decl":{"start":{"line":30,"column":16},"end":{"line":30,"column":17}},"loc":{"start":{"line":30,"column":26},"end":{"line":35,"column":1}},"line":30},"2":{"name":"postRequest","decl":{"start":{"line":38,"column":9},"end":{"line":38,"column":20}},"loc":{"start":{"line":39,"column":0},"end":{"line":105,"column":1}},"line":39},"3":{"name":"(anonymous_3)","decl":{"start":{"line":40,"column":20},"end":{"line":40,"column":21}},"loc":{"start":{"line":40,"column":41},"end":{"line":104,"column":2}},"line":40},"4":{"name":"(anonymous_4)","decl":{"start":{"line":56,"column":37},"end":{"line":56,"column":38}},"loc":{"start":{"line":56,"column":46},"end":{"line":93,"column":3}},"line":56},"5":{"name":"(anonymous_5)","decl":{"start":{"line":59,"column":18},"end":{"line":59,"column":19}},"loc":{"start":{"line":59,"column":29},"end":{"line":61,"column":4}},"line":59},"6":{"name":"(anonymous_6)","decl":{"start":{"line":63,"column":17},"end":{"line":63,"column":18}},"loc":{"start":{"line":63,"column":23},"end":{"line":92,"column":4}},"line":63},"7":{"name":"(anonymous_7)","decl":{"start":{"line":96,"column":18},"end":{"line":96,"column":19}},"loc":{"start":{"line":96,"column":29},"end":{"line":98,"column":3}},"line":96},"8":{"name":"(anonymous_8)","decl":{"start":{"line":114,"column":18},"end":{"line":114,"column":19}},"loc":{"start":{"line":114,"column":38},"end":{"line":149,"column":1}},"line":114},"9":{"name":"(anonymous_9)","decl":{"start":{"line":155,"column":21},"end":{"line":155,"column":22}},"loc":{"start":{"line":155,"column":41},"end":{"line":196,"column":1}},"line":155},"10":{"name":"(anonymous_10)","decl":{"start":{"line":200,"column":25},"end":{"line":200,"column":26}},"loc":{"start":{"line":200,"column":31},"end":{"line":200,"column":93}},"line":200}},"branchMap":{"0":{"loc":{"start":{"line":23,"column":18},"end":{"line":23,"column":64}},"type":"binary-expr","locations":[{"start":{"line":23,"column":18},"end":{"line":23,"column":47}},{"start":{"line":23,"column":51},"end":{"line":23,"column":64}}],"line":23},"1":{"loc":{"start":{"line":38,"column":26},"end":{"line":38,"column":33}},"type":"default-arg","locations":[{"start":{"line":38,"column":31},"end":{"line":38,"column":33}}],"line":38},"2":{"loc":{"start":{"line":71,"column":5},"end":{"line":74,"column":6}},"type":"if","locations":[{"start":{"line":71,"column":5},"end":{"line":74,"column":6}},{"start":{"line":71,"column":5},"end":{"line":74,"column":6}}],"line":71},"3":{"loc":{"start":{"line":75,"column":5},"end":{"line":82,"column":6}},"type":"if","locations":[{"start":{"line":75,"column":5},"end":{"line":82,"column":6}},{"start":{"line":75,"column":5},"end":{"line":82,"column":6}}],"line":75},"4":{"loc":{"start":{"line":79,"column":10},"end":{"line":82,"column":6}},"type":"if","locations":[{"start":{"line":79,"column":10},"end":{"line":82,"column":6}},{"start":{"line":79,"column":10},"end":{"line":82,"column":6}}],"line":79},"5":{"loc":{"start":{"line":128,"column":2},"end":{"line":130,"column":3}},"type":"if","locations":[{"start":{"line":128,"column":2},"end":{"line":130,"column":3}},{"start":{"line":128,"column":2},"end":{"line":130,"column":3}}],"line":128},"6":{"loc":{"start":{"line":136,"column":2},"end":{"line":141,"column":3}},"type":"if","locations":[{"start":{"line":136,"column":2},"end":{"line":141,"column":3}},{"start":{"line":136,"column":2},"end":{"line":141,"column":3}}],"line":136},"7":{"loc":{"start":{"line":142,"column":2},"end":{"line":147,"column":3}},"type":"if","locations":[{"start":{"line":142,"column":2},"end":{"line":147,"column":3}},{"start":{"line":142,"column":2},"end":{"line":147,"column":3}}],"line":142},"8":{"loc":{"start":{"line":159,"column":2},"end":{"line":162,"column":3}},"type":"if","locations":[{"start":{"line":159,"column":2},"end":{"line":162,"column":3}},{"start":{"line":159,"column":2},"end":{"line":162,"column":3}}],"line":159},"9":{"loc":{"start":{"line":175,"column":2},"end":{"line":177,"column":3}},"type":"if","locations":[{"start":{"line":175,"column":2},"end":{"line":177,"column":3}},{"start":{"line":175,"column":2},"end":{"line":177,"column":3}}],"line":175},"10":{"loc":{"start":{"line":183,"column":2},"end":{"line":188,"column":3}},"type":"if","locations":[{"start":{"line":183,"column":2},"end":{"line":188,"column":3}},{"start":{"line":183,"column":2},"end":{"line":188,"column":3}}],"line":183},"11":{"loc":{"start":{"line":189,"column":2},"end":{"line":194,"column":3}},"type":"if","locations":[{"start":{"line":189,"column":2},"end":{"line":194,"column":3}},{"start":{"line":189,"column":2},"end":{"line":194,"column":3}}],"line":189},"12":{"loc":{"start":{"line":199,"column":21},"end":{"line":199,"column":73}},"type":"cond-expr","locations":[{"start":{"line":199,"column":40},"end":{"line":199,"column":66}},{"start":{"line":199,"column":69},"end":{"line":199,"column":73}}],"line":199}},"s":{"0":0,"1":0,"2":0,"3":0,"4":0,"5":0,"6":0,"7":0,"8":0,"9":0,"10":0,"11":0,"12":0,"13":0,"14":0,"15":0,"16":0,"17":0,"18":0,"19":0,"20":0,"21":0,"22":0,"23":0,"24":0,"25":0,"26":0,"27":0,"28":0,"29":0,"30":0,"31":0,"32":0,"33":0,"34":0,"35":0,"36":0,"37":0,"38":0,"39":0,"40":0,"41":0,"42":0,"43":0,"44":0,"45":0,"46":0,"47":0,"48":0,"49":0,"50":0,"51":0,"52":0,"53":0,"54":0,"55":0,"56":0,"57":0,"58":0,"59":0,"60":0,"61":0,"62":0,"63":0,"64":0,"65":0,"66":0,"67":0,"68":0,"69":0,"70":0,"71":0,"72":0,"73":0,"74":0,"75":0,"76":0,"77":0,"78":0,"79":0,"80":0,"81":0,"82":0,"83":0,"84":0,"85":0,"86":0,"87":0,"88":0,"89":0,"90":0},"f":{"0":0,"1":0,"2":0,"3":0,"4":0,"5":0,"6":0,"7":0,"8":0,"9":0,"10":0},"b":{"0":[0,0],"1":[0],"2":[0,0],"3":[0,0],"4":[0,0],"5":[0,0],"6":[0,0],"7":[0,0],"8":[0,0],"9":[0,0],"10":[0,0],"11":[0,0],"12":[0,0]},"hash":"bab3540105845f249a85d2e3918c8b37b9234391"}
,"/Users/sergiumironescuiancu1/Desktop/Sergio/React/React_Native/moodem/components/Guest/Login.js": {"path":"/Users/sergiumironescuiancu1/Desktop/Sergio/React/React_Native/moodem/components/Guest/Login.js","statementMap":{"0":{"start":{"line":8,"column":23},"end":{"line":12,"column":1}},"1":{"start":{"line":15,"column":4},"end":{"line":19,"column":26}},"2":{"start":{"line":21,"column":4},"end":{"line":21,"column":49}},"3":{"start":{"line":22,"column":4},"end":{"line":22,"column":45}},"4":{"start":{"line":23,"column":4},"end":{"line":23,"column":51}},"5":{"start":{"line":27,"column":4},"end":{"line":31,"column":7}},"6":{"start":{"line":28,"column":8},"end":{"line":30,"column":11}},"7":{"start":{"line":29,"column":12},"end":{"line":29,"column":56}},"8":{"start":{"line":35,"column":4},"end":{"line":44,"column":11}},"9":{"start":{"line":38,"column":8},"end":{"line":38,"column":58}},"10":{"start":{"line":39,"column":8},"end":{"line":39,"column":38}},"11":{"start":{"line":42,"column":12},"end":{"line":42,"column":60}},"12":{"start":{"line":43,"column":12},"end":{"line":43,"column":67}},"13":{"start":{"line":49,"column":8},"end":{"line":49,"column":21}},"14":{"start":{"line":50,"column":8},"end":{"line":53,"column":9}},"15":{"start":{"line":58,"column":8},"end":{"line":58,"column":34}},"16":{"start":{"line":67,"column":8},"end":{"line":67,"column":31}},"17":{"start":{"line":70,"column":22},"end":{"line":83,"column":5}},"18":{"start":{"line":71,"column":8},"end":{"line":82,"column":15}},"19":{"start":{"line":79,"column":26},"end":{"line":79,"column":37}},"20":{"start":{"line":81,"column":16},"end":{"line":81,"column":25}},"21":{"start":{"line":88,"column":12},"end":{"line":88,"column":22}},"22":{"start":{"line":92,"column":12},"end":{"line":92,"column":22}},"23":{"start":{"line":93,"column":24},"end":{"line":93,"column":67}},"24":{"start":{"line":94,"column":8},"end":{"line":112,"column":10}},"25":{"start":{"line":108,"column":35},"end":{"line":108,"column":64}},"26":{"start":{"line":116,"column":23},"end":{"line":120,"column":1}}},"fnMap":{"0":{"name":"handleActions","decl":{"start":{"line":14,"column":9},"end":{"line":14,"column":22}},"loc":{"start":{"line":14,"column":54},"end":{"line":24,"column":1}},"line":14},"1":{"name":"logInWithSpotify","decl":{"start":{"line":26,"column":9},"end":{"line":26,"column":25}},"loc":{"start":{"line":26,"column":68},"end":{"line":32,"column":1}},"line":26},"2":{"name":"(anonymous_2)","decl":{"start":{"line":27,"column":54},"end":{"line":27,"column":55}},"loc":{"start":{"line":27,"column":60},"end":{"line":31,"column":5}},"line":27},"3":{"name":"(anonymous_3)","decl":{"start":{"line":28,"column":63},"end":{"line":28,"column":64}},"loc":{"start":{"line":28,"column":71},"end":{"line":30,"column":9}},"line":28},"4":{"name":"getAuthorizationCode","decl":{"start":{"line":34,"column":9},"end":{"line":34,"column":29}},"loc":{"start":{"line":34,"column":69},"end":{"line":45,"column":1}},"line":34},"5":{"name":"(anonymous_5)","decl":{"start":{"line":37,"column":12},"end":{"line":37,"column":13}},"loc":{"start":{"line":37,"column":20},"end":{"line":40,"column":5}},"line":37},"6":{"name":"(anonymous_6)","decl":{"start":{"line":41,"column":15},"end":{"line":41,"column":16}},"loc":{"start":{"line":41,"column":22},"end":{"line":44,"column":9}},"line":41},"7":{"name":"(anonymous_7)","decl":{"start":{"line":48,"column":4},"end":{"line":48,"column":5}},"loc":{"start":{"line":48,"column":23},"end":{"line":54,"column":5}},"line":48},"8":{"name":"(anonymous_8)","decl":{"start":{"line":56,"column":4},"end":{"line":56,"column":5}},"loc":{"start":{"line":56,"column":43},"end":{"line":59,"column":5}},"line":56},"9":{"name":"(anonymous_9)","decl":{"start":{"line":61,"column":4},"end":{"line":61,"column":5}},"loc":{"start":{"line":61,"column":35},"end":{"line":64,"column":5}},"line":61},"10":{"name":"(anonymous_10)","decl":{"start":{"line":66,"column":4},"end":{"line":66,"column":5}},"loc":{"start":{"line":66,"column":24},"end":{"line":68,"column":5}},"line":66},"11":{"name":"(anonymous_11)","decl":{"start":{"line":70,"column":22},"end":{"line":70,"column":23}},"loc":{"start":{"line":70,"column":28},"end":{"line":83,"column":5}},"line":70},"12":{"name":"(anonymous_12)","decl":{"start":{"line":79,"column":18},"end":{"line":79,"column":19}},"loc":{"start":{"line":79,"column":26},"end":{"line":79,"column":37}},"line":79},"13":{"name":"(anonymous_13)","decl":{"start":{"line":80,"column":18},"end":{"line":80,"column":19}},"loc":{"start":{"line":80,"column":26},"end":{"line":82,"column":13}},"line":80},"14":{"name":"(anonymous_14)","decl":{"start":{"line":85,"column":4},"end":{"line":85,"column":5}},"loc":{"start":{"line":85,"column":13},"end":{"line":113,"column":5}},"line":85},"15":{"name":"(anonymous_15)","decl":{"start":{"line":108,"column":29},"end":{"line":108,"column":30}},"loc":{"start":{"line":108,"column":35},"end":{"line":108,"column":64}},"line":108}},"branchMap":{"0":{"loc":{"start":{"line":39,"column":15},"end":{"line":39,"column":37}},"type":"binary-expr","locations":[{"start":{"line":39,"column":15},"end":{"line":39,"column":23}},{"start":{"line":39,"column":27},"end":{"line":39,"column":37}}],"line":39}},"s":{"0":0,"1":0,"2":0,"3":0,"4":0,"5":0,"6":0,"7":0,"8":0,"9":0,"10":0,"11":0,"12":0,"13":0,"14":0,"15":0,"16":0,"17":0,"18":0,"19":0,"20":0,"21":0,"22":0,"23":0,"24":0,"25":0,"26":0},"f":{"0":0,"1":0,"2":0,"3":0,"4":0,"5":0,"6":0,"7":0,"8":0,"9":0,"10":0,"11":0,"12":0,"13":0,"14":0,"15":0},"b":{"0":[0,0]},"hash":"3d3fbde1e0c1f161c6dae18fc85fb245fd1693fb"}
,"/Users/sergiumironescuiancu1/Desktop/Sergio/React/React_Native/moodem/components/User/P2PHost.js": {"path":"/Users/sergiumironescuiancu1/Desktop/Sergio/React/React_Native/moodem/components/User/P2PHost.js","statementMap":{},"fnMap":{},"branchMap":{},"s":{},"f":{},"b":{},"hash":"e5766c9057c2d78d77f0eb6b4b0677a8956b0fd6"}
,"/Users/sergiumironescuiancu1/Desktop/Sergio/React/React_Native/moodem/components/User/P2PLanding.js": {"path":"/Users/sergiumironescuiancu1/Desktop/Sergio/React/React_Native/moodem/components/User/P2PLanding.js","statementMap":{"0":{"start":{"line":15,"column":19},"end":{"line":15,"column":20}},"1":{"start":{"line":18,"column":4},"end":{"line":18,"column":47}},"2":{"start":{"line":23,"column":8},"end":{"line":23,"column":21}},"3":{"start":{"line":25,"column":8},"end":{"line":25,"column":43}},"4":{"start":{"line":26,"column":8},"end":{"line":26,"column":42}},"5":{"start":{"line":27,"column":8},"end":{"line":33,"column":11}},"6":{"start":{"line":35,"column":8},"end":{"line":39,"column":10}},"7":{"start":{"line":43,"column":8},"end":{"line":43,"column":96}},"8":{"start":{"line":44,"column":8},"end":{"line":44,"column":94}},"9":{"start":{"line":45,"column":8},"end":{"line":45,"column":96}},"10":{"start":{"line":46,"column":8},"end":{"line":46,"column":47}},"11":{"start":{"line":51,"column":8},"end":{"line":51,"column":42}},"12":{"start":{"line":52,"column":8},"end":{"line":52,"column":41}},"13":{"start":{"line":53,"column":8},"end":{"line":53,"column":57}},"14":{"start":{"line":54,"column":8},"end":{"line":54,"column":56}},"15":{"start":{"line":55,"column":8},"end":{"line":55,"column":57}},"16":{"start":{"line":56,"column":8},"end":{"line":56,"column":28}},"17":{"start":{"line":59,"column":33},"end":{"line":63,"column":5}},"18":{"start":{"line":60,"column":8},"end":{"line":62,"column":11}},"19":{"start":{"line":65,"column":32},"end":{"line":69,"column":5}},"20":{"start":{"line":66,"column":8},"end":{"line":68,"column":11}},"21":{"start":{"line":71,"column":33},"end":{"line":81,"column":5}},"22":{"start":{"line":72,"column":8},"end":{"line":77,"column":11}},"23":{"start":{"line":73,"column":12},"end":{"line":76,"column":15}},"24":{"start":{"line":78,"column":8},"end":{"line":80,"column":11}},"25":{"start":{"line":83,"column":29},"end":{"line":85,"column":5}},"26":{"start":{"line":84,"column":8},"end":{"line":84,"column":54}},"27":{"start":{"line":87,"column":28},"end":{"line":89,"column":5}},"28":{"start":{"line":88,"column":8},"end":{"line":88,"column":66}},"29":{"start":{"line":91,"column":29},"end":{"line":93,"column":5}},"30":{"start":{"line":92,"column":8},"end":{"line":92,"column":68}},"31":{"start":{"line":95,"column":26},"end":{"line":106,"column":5}},"32":{"start":{"line":96,"column":8},"end":{"line":99,"column":11}},"33":{"start":{"line":101,"column":8},"end":{"line":101,"column":36}},"34":{"start":{"line":103,"column":8},"end":{"line":103,"column":47}},"35":{"start":{"line":105,"column":8},"end":{"line":105,"column":43}},"36":{"start":{"line":108,"column":26},"end":{"line":110,"column":5}},"37":{"start":{"line":109,"column":8},"end":{"line":109,"column":55}},"38":{"start":{"line":112,"column":27},"end":{"line":114,"column":5}},"39":{"start":{"line":113,"column":8},"end":{"line":113,"column":57}},"40":{"start":{"line":116,"column":45},"end":{"line":124,"column":5}},"41":{"start":{"line":117,"column":8},"end":{"line":123,"column":11}},"42":{"start":{"line":118,"column":12},"end":{"line":122,"column":15}},"43":{"start":{"line":119,"column":16},"end":{"line":121,"column":17}},"44":{"start":{"line":120,"column":20},"end":{"line":120,"column":56}},"45":{"start":{"line":126,"column":28},"end":{"line":132,"column":5}},"46":{"start":{"line":127,"column":8},"end":{"line":127,"column":68}},"47":{"start":{"line":128,"column":8},"end":{"line":131,"column":11}},"48":{"start":{"line":134,"column":27},"end":{"line":136,"column":5}},"49":{"start":{"line":135,"column":8},"end":{"line":135,"column":80}},"50":{"start":{"line":139,"column":8},"end":{"line":139,"column":66}},"51":{"start":{"line":145,"column":12},"end":{"line":145,"column":22}},"52":{"start":{"line":147,"column":8},"end":{"line":147,"column":41}},"53":{"start":{"line":149,"column":8},"end":{"line":178,"column":10}},"54":{"start":{"line":153,"column":54},"end":{"line":153,"column":88}}},"fnMap":{"0":{"name":"setLastTrackFromList","decl":{"start":{"line":17,"column":9},"end":{"line":17,"column":29}},"loc":{"start":{"line":17,"column":37},"end":{"line":19,"column":1}},"line":17},"1":{"name":"(anonymous_1)","decl":{"start":{"line":22,"column":4},"end":{"line":22,"column":5}},"loc":{"start":{"line":22,"column":23},"end":{"line":40,"column":5}},"line":22},"2":{"name":"(anonymous_2)","decl":{"start":{"line":42,"column":4},"end":{"line":42,"column":5}},"loc":{"start":{"line":42,"column":24},"end":{"line":47,"column":5}},"line":42},"3":{"name":"(anonymous_3)","decl":{"start":{"line":49,"column":4},"end":{"line":49,"column":5}},"loc":{"start":{"line":49,"column":27},"end":{"line":57,"column":5}},"line":49},"4":{"name":"(anonymous_4)","decl":{"start":{"line":59,"column":33},"end":{"line":59,"column":34}},"loc":{"start":{"line":59,"column":49},"end":{"line":63,"column":5}},"line":59},"5":{"name":"(anonymous_5)","decl":{"start":{"line":65,"column":32},"end":{"line":65,"column":33}},"loc":{"start":{"line":65,"column":48},"end":{"line":69,"column":5}},"line":65},"6":{"name":"(anonymous_6)","decl":{"start":{"line":71,"column":33},"end":{"line":71,"column":34}},"loc":{"start":{"line":71,"column":49},"end":{"line":81,"column":5}},"line":71},"7":{"name":"(anonymous_7)","decl":{"start":{"line":72,"column":27},"end":{"line":72,"column":28}},"loc":{"start":{"line":72,"column":36},"end":{"line":77,"column":9}},"line":72},"8":{"name":"(anonymous_8)","decl":{"start":{"line":83,"column":29},"end":{"line":83,"column":30}},"loc":{"start":{"line":83,"column":40},"end":{"line":85,"column":5}},"line":83},"9":{"name":"(anonymous_9)","decl":{"start":{"line":87,"column":28},"end":{"line":87,"column":29}},"loc":{"start":{"line":87,"column":52},"end":{"line":89,"column":5}},"line":87},"10":{"name":"(anonymous_10)","decl":{"start":{"line":91,"column":29},"end":{"line":91,"column":30}},"loc":{"start":{"line":91,"column":54},"end":{"line":93,"column":5}},"line":91},"11":{"name":"(anonymous_11)","decl":{"start":{"line":95,"column":26},"end":{"line":95,"column":27}},"loc":{"start":{"line":95,"column":37},"end":{"line":106,"column":5}},"line":95},"12":{"name":"(anonymous_12)","decl":{"start":{"line":108,"column":26},"end":{"line":108,"column":27}},"loc":{"start":{"line":108,"column":50},"end":{"line":110,"column":5}},"line":108},"13":{"name":"(anonymous_13)","decl":{"start":{"line":112,"column":27},"end":{"line":112,"column":28}},"loc":{"start":{"line":112,"column":52},"end":{"line":114,"column":5}},"line":112},"14":{"name":"(anonymous_14)","decl":{"start":{"line":116,"column":45},"end":{"line":116,"column":46}},"loc":{"start":{"line":116,"column":65},"end":{"line":124,"column":5}},"line":116},"15":{"name":"(anonymous_15)","decl":{"start":{"line":117,"column":38},"end":{"line":117,"column":39}},"loc":{"start":{"line":117,"column":52},"end":{"line":123,"column":9}},"line":117},"16":{"name":"(anonymous_16)","decl":{"start":{"line":118,"column":35},"end":{"line":118,"column":36}},"loc":{"start":{"line":118,"column":52},"end":{"line":122,"column":13}},"line":118},"17":{"name":"(anonymous_17)","decl":{"start":{"line":126,"column":28},"end":{"line":126,"column":29}},"loc":{"start":{"line":126,"column":48},"end":{"line":132,"column":5}},"line":126},"18":{"name":"(anonymous_18)","decl":{"start":{"line":134,"column":27},"end":{"line":134,"column":28}},"loc":{"start":{"line":134,"column":57},"end":{"line":136,"column":5}},"line":134},"19":{"name":"(anonymous_19)","decl":{"start":{"line":138,"column":4},"end":{"line":138,"column":5}},"loc":{"start":{"line":138,"column":13},"end":{"line":179,"column":5}},"line":138},"20":{"name":"(anonymous_20)","decl":{"start":{"line":153,"column":48},"end":{"line":153,"column":49}},"loc":{"start":{"line":153,"column":54},"end":{"line":153,"column":88}},"line":153}},"branchMap":{"0":{"loc":{"start":{"line":119,"column":16},"end":{"line":121,"column":17}},"type":"if","locations":[{"start":{"line":119,"column":16},"end":{"line":121,"column":17}},{"start":{"line":119,"column":16},"end":{"line":121,"column":17}}],"line":119},"1":{"loc":{"start":{"line":144,"column":12},"end":{"line":144,"column":72}},"type":"default-arg","locations":[{"start":{"line":144,"column":21},"end":{"line":144,"column":72}}],"line":144},"2":{"loc":{"start":{"line":144,"column":21},"end":{"line":144,"column":72}},"type":"cond-expr","locations":[{"start":{"line":144,"column":41},"end":{"line":144,"column":59}},{"start":{"line":144,"column":62},"end":{"line":144,"column":72}}],"line":144}},"s":{"0":0,"1":0,"2":0,"3":0,"4":0,"5":0,"6":0,"7":0,"8":0,"9":0,"10":0,"11":0,"12":0,"13":0,"14":0,"15":0,"16":0,"17":0,"18":0,"19":0,"20":0,"21":0,"22":0,"23":0,"24":0,"25":0,"26":0,"27":0,"28":0,"29":0,"30":0,"31":0,"32":0,"33":0,"34":0,"35":0,"36":0,"37":0,"38":0,"39":0,"40":0,"41":0,"42":0,"43":0,"44":0,"45":0,"46":0,"47":0,"48":0,"49":0,"50":0,"51":0,"52":0,"53":0,"54":0},"f":{"0":0,"1":0,"2":0,"3":0,"4":0,"5":0,"6":0,"7":0,"8":0,"9":0,"10":0,"11":0,"12":0,"13":0,"14":0,"15":0,"16":0,"17":0,"18":0,"19":0,"20":0},"b":{"0":[0,0],"1":[0],"2":[0,0]},"hash":"f8cfddf1e643e4fe76f5c06b2a1d33956a0dbbc5"}
,"/Users/sergiumironescuiancu1/Desktop/Sergio/React/React_Native/moodem/components/User/P2PSearcher.js": {"path":"/Users/sergiumironescuiancu1/Desktop/Sergio/React/React_Native/moodem/components/User/P2PSearcher.js","statementMap":{},"fnMap":{},"branchMap":{},"s":{},"f":{},"b":{},"hash":"0fc312aad336a78a02cb31b749bed7335a373323"}
,"/Users/sergiumironescuiancu1/Desktop/Sergio/React/React_Native/moodem/components/common/BgImage.js": {"path":"/Users/sergiumironescuiancu1/Desktop/Sergio/React/React_Native/moodem/components/common/BgImage.js","statementMap":{"0":{"start":{"line":7,"column":4},"end":{"line":7,"column":28}},"1":{"start":{"line":15,"column":12},"end":{"line":15,"column":22}},"2":{"start":{"line":17,"column":2},"end":{"line":24,"column":4}},"3":{"start":{"line":28,"column":25},"end":{"line":32,"column":1}},"4":{"start":{"line":34,"column":0},"end":{"line":37,"column":2}}},"fnMap":{"0":{"name":"(anonymous_0)","decl":{"start":{"line":10,"column":1},"end":{"line":10,"column":2}},"loc":{"start":{"line":10,"column":10},"end":{"line":25,"column":2}},"line":10}},"branchMap":{"0":{"loc":{"start":{"line":14,"column":12},"end":{"line":14,"column":43}},"type":"default-arg","locations":[{"start":{"line":14,"column":27},"end":{"line":14,"column":43}}],"line":14}},"s":{"0":0,"1":0,"2":0,"3":0,"4":0},"f":{"0":0},"b":{"0":[0]},"hash":"7868f1fd1b0ab967c1014f93f048ef692ef4067f"}
,"/Users/sergiumironescuiancu1/Desktop/Sergio/React/React_Native/moodem/components/common/BodyContainer.js": {"path":"/Users/sergiumironescuiancu1/Desktop/Sergio/React/React_Native/moodem/components/common/BodyContainer.js","statementMap":{"0":{"start":{"line":6,"column":8},"end":{"line":10,"column":9}}},"fnMap":{"0":{"name":"(anonymous_0)","decl":{"start":{"line":5,"column":4},"end":{"line":5,"column":5}},"loc":{"start":{"line":5,"column":13},"end":{"line":11,"column":5}},"line":5}},"branchMap":{},"s":{"0":0},"f":{"0":0},"b":{},"hash":"7676f521ddc1931a98e360addbf0151ec4e52936"}
,"/Users/sergiumironescuiancu1/Desktop/Sergio/React/React_Native/moodem/components/common/BurgerMenuIcon.js": {"path":"/Users/sergiumironescuiancu1/Desktop/Sergio/React/React_Native/moodem/components/common/BurgerMenuIcon.js","statementMap":{"0":{"start":{"line":5,"column":30},"end":{"line":21,"column":1}},"1":{"start":{"line":8,"column":8},"end":{"line":8,"column":13}},"2":{"start":{"line":7,"column":23},"end":{"line":7,"column":55}},"3":{"start":{"line":10,"column":4},"end":{"line":20,"column":6}}},"fnMap":{"0":{"name":"(anonymous_0)","decl":{"start":{"line":5,"column":30},"end":{"line":5,"column":31}},"loc":{"start":{"line":5,"column":39},"end":{"line":21,"column":1}},"line":5},"1":{"name":"(anonymous_1)","decl":{"start":{"line":7,"column":17},"end":{"line":7,"column":18}},"loc":{"start":{"line":7,"column":23},"end":{"line":7,"column":55}},"line":7}},"branchMap":{"0":{"loc":{"start":{"line":7,"column":8},"end":{"line":7,"column":55}},"type":"default-arg","locations":[{"start":{"line":7,"column":17},"end":{"line":7,"column":55}}],"line":7}},"s":{"0":0,"1":0,"2":0,"3":0},"f":{"0":0,"1":0},"b":{"0":[0]},"hash":"f8d6d492df108e16db8705c44cc4e06c8ede2cb4"}
,"/Users/sergiumironescuiancu1/Desktop/Sergio/React/React_Native/moodem/components/common/ErrorBoundary.js": {"path":"/Users/sergiumironescuiancu1/Desktop/Sergio/React/React_Native/moodem/components/common/ErrorBoundary.js","statementMap":{"0":{"start":{"line":5,"column":12},"end":{"line":5,"column":44}},"1":{"start":{"line":8,"column":8},"end":{"line":8,"column":40}},"2":{"start":{"line":15,"column":17},"end":{"line":17,"column":5}},"3":{"start":{"line":16,"column":8},"end":{"line":16,"column":55}},"4":{"start":{"line":20,"column":8},"end":{"line":22,"column":9}},"5":{"start":{"line":21,"column":12},"end":{"line":21,"column":91}},"6":{"start":{"line":23,"column":8},"end":{"line":23,"column":34}}},"fnMap":{"0":{"name":"(anonymous_0)","decl":{"start":{"line":7,"column":4},"end":{"line":7,"column":5}},"loc":{"start":{"line":7,"column":43},"end":{"line":9,"column":5}},"line":7},"1":{"name":"(anonymous_1)","decl":{"start":{"line":11,"column":4},"end":{"line":11,"column":5}},"loc":{"start":{"line":11,"column":35},"end":{"line":13,"column":5}},"line":11},"2":{"name":"(anonymous_2)","decl":{"start":{"line":15,"column":17},"end":{"line":15,"column":18}},"loc":{"start":{"line":15,"column":23},"end":{"line":17,"column":5}},"line":15},"3":{"name":"(anonymous_3)","decl":{"start":{"line":19,"column":4},"end":{"line":19,"column":5}},"loc":{"start":{"line":19,"column":13},"end":{"line":24,"column":5}},"line":19}},"branchMap":{"0":{"loc":{"start":{"line":20,"column":8},"end":{"line":22,"column":9}},"type":"if","locations":[{"start":{"line":20,"column":8},"end":{"line":22,"column":9}},{"start":{"line":20,"column":8},"end":{"line":22,"column":9}}],"line":20}},"s":{"0":0,"1":0,"2":0,"3":0,"4":0,"5":0,"6":0},"f":{"0":0,"1":0,"2":0,"3":0},"b":{"0":[0,0]},"hash":"9077c4d00f859f33586dac459977d6d5542bea07"}
,"/Users/sergiumironescuiancu1/Desktop/Sergio/React/React_Native/moodem/components/common/FallbackComponent.js": {"path":"/Users/sergiumironescuiancu1/Desktop/Sergio/React/React_Native/moodem/components/common/FallbackComponent.js","statementMap":{"0":{"start":{"line":6,"column":8},"end":{"line":6,"column":21}},"1":{"start":{"line":12,"column":12},"end":{"line":12,"column":22}},"2":{"start":{"line":14,"column":8},"end":{"line":22,"column":9}}},"fnMap":{"0":{"name":"(anonymous_0)","decl":{"start":{"line":5,"column":4},"end":{"line":5,"column":5}},"loc":{"start":{"line":5,"column":23},"end":{"line":7,"column":5}},"line":5},"1":{"name":"(anonymous_1)","decl":{"start":{"line":9,"column":4},"end":{"line":9,"column":5}},"loc":{"start":{"line":9,"column":13},"end":{"line":23,"column":5}},"line":9}},"branchMap":{},"s":{"0":0,"1":0,"2":0},"f":{"0":0,"1":0},"b":{},"hash":"f86c5c970a270ecb982fbe136e566d842dda1dae"}
,"/Users/sergiumironescuiancu1/Desktop/Sergio/React/React_Native/moodem/components/common/HeaderContainer.js": {"path":"/Users/sergiumironescuiancu1/Desktop/Sergio/React/React_Native/moodem/components/common/HeaderContainer.js","statementMap":{"0":{"start":{"line":8,"column":12},"end":{"line":8,"column":27}},"1":{"start":{"line":10,"column":8},"end":{"line":14,"column":9}},"2":{"start":{"line":18,"column":24},"end":{"line":26,"column":1}}},"fnMap":{"0":{"name":"(anonymous_0)","decl":{"start":{"line":5,"column":4},"end":{"line":5,"column":5}},"loc":{"start":{"line":5,"column":13},"end":{"line":15,"column":5}},"line":5}},"branchMap":{},"s":{"0":0,"1":0,"2":0},"f":{"0":0},"b":{},"hash":"4c8286c8203a0b94686e1ef56c4c06311c977d7c"}
,"/Users/sergiumironescuiancu1/Desktop/Sergio/React/React_Native/moodem/components/common/MainContainer.js": {"path":"/Users/sergiumironescuiancu1/Desktop/Sergio/React/React_Native/moodem/components/common/MainContainer.js","statementMap":{"0":{"start":{"line":6,"column":8},"end":{"line":10,"column":9}}},"fnMap":{"0":{"name":"(anonymous_0)","decl":{"start":{"line":5,"column":4},"end":{"line":5,"column":5}},"loc":{"start":{"line":5,"column":13},"end":{"line":11,"column":5}},"line":5}},"branchMap":{},"s":{"0":0},"f":{"0":0},"b":{},"hash":"4fe6d85e992a5a8b3b7f6fe5f9133fc9ef769b29"}
,"/Users/sergiumironescuiancu1/Desktop/Sergio/React/React_Native/moodem/components/common/OfflineNotice.js": {"path":"/Users/sergiumironescuiancu1/Desktop/Sergio/React/React_Native/moodem/components/common/OfflineNotice.js","statementMap":{"0":{"start":{"line":8,"column":29},"end":{"line":17,"column":1}},"1":{"start":{"line":9,"column":4},"end":{"line":16,"column":11}}},"fnMap":{"0":{"name":"(anonymous_0)","decl":{"start":{"line":8,"column":29},"end":{"line":8,"column":30}},"loc":{"start":{"line":9,"column":4},"end":{"line":16,"column":11}},"line":9}},"branchMap":{},"s":{"0":0,"1":0},"f":{"0":0},"b":{},"hash":"59a786411d347e4444d5c1d29de93dc25608afa6"}
,"/Users/sergiumironescuiancu1/Desktop/Sergio/React/React_Native/moodem/components/common/Player.js": {"path":"/Users/sergiumironescuiancu1/Desktop/Sergio/React/React_Native/moodem/components/common/Player.js","statementMap":{"0":{"start":{"line":20,"column":34},"end":{"line":20,"column":37}},"1":{"start":{"line":21,"column":24},"end":{"line":21,"column":76}},"2":{"start":{"line":23,"column":21},"end":{"line":23,"column":22}},"3":{"start":{"line":27,"column":8},"end":{"line":27,"column":21}},"4":{"start":{"line":29,"column":8},"end":{"line":29,"column":42}},"5":{"start":{"line":30,"column":8},"end":{"line":30,"column":25}},"6":{"start":{"line":31,"column":8},"end":{"line":31,"column":24}},"7":{"start":{"line":32,"column":8},"end":{"line":46,"column":10}},"8":{"start":{"line":50,"column":8},"end":{"line":50,"column":27}},"9":{"start":{"line":54,"column":8},"end":{"line":54,"column":26}},"10":{"start":{"line":58,"column":8},"end":{"line":58,"column":29}},"11":{"start":{"line":62,"column":8},"end":{"line":62,"column":27}},"12":{"start":{"line":65,"column":40},"end":{"line":68,"column":5}},"13":{"start":{"line":66,"column":8},"end":{"line":66,"column":60}},"14":{"start":{"line":70,"column":35},"end":{"line":80,"column":5}},"15":{"start":{"line":71,"column":8},"end":{"line":79,"column":11}},"16":{"start":{"line":82,"column":34},"end":{"line":92,"column":5}},"17":{"start":{"line":83,"column":8},"end":{"line":91,"column":11}},"18":{"start":{"line":94,"column":29},"end":{"line":100,"column":5}},"19":{"start":{"line":95,"column":8},"end":{"line":99,"column":9}},"20":{"start":{"line":96,"column":12},"end":{"line":96,"column":53}},"21":{"start":{"line":98,"column":12},"end":{"line":98,"column":52}},"22":{"start":{"line":102,"column":29},"end":{"line":104,"column":5}},"23":{"start":{"line":103,"column":8},"end":{"line":103,"column":49}},"24":{"start":{"line":106,"column":27},"end":{"line":111,"column":5}},"25":{"start":{"line":107,"column":8},"end":{"line":109,"column":9}},"26":{"start":{"line":108,"column":12},"end":{"line":108,"column":51}},"27":{"start":{"line":110,"column":8},"end":{"line":110,"column":89}},"28":{"start":{"line":113,"column":28},"end":{"line":118,"column":5}},"29":{"start":{"line":114,"column":8},"end":{"line":116,"column":9}},"30":{"start":{"line":115,"column":12},"end":{"line":115,"column":51}},"31":{"start":{"line":117,"column":8},"end":{"line":117,"column":89}},"32":{"start":{"line":120,"column":25},"end":{"line":124,"column":5}},"33":{"start":{"line":121,"column":8},"end":{"line":123,"column":11}},"34":{"start":{"line":126,"column":26},"end":{"line":130,"column":5}},"35":{"start":{"line":127,"column":8},"end":{"line":129,"column":11}},"36":{"start":{"line":132,"column":34},"end":{"line":134,"column":5}},"37":{"start":{"line":133,"column":8},"end":{"line":133,"column":31}},"38":{"start":{"line":136,"column":21},"end":{"line":140,"column":5}},"39":{"start":{"line":137,"column":8},"end":{"line":139,"column":11}},"40":{"start":{"line":142,"column":16},"end":{"line":159,"column":5}},"41":{"start":{"line":143,"column":8},"end":{"line":143,"column":47}},"42":{"start":{"line":144,"column":21},"end":{"line":144,"column":34}},"43":{"start":{"line":146,"column":8},"end":{"line":158,"column":9}},"44":{"start":{"line":147,"column":12},"end":{"line":147,"column":71}},"45":{"start":{"line":148,"column":15},"end":{"line":158,"column":9}},"46":{"start":{"line":149,"column":27},"end":{"line":149,"column":74}},"47":{"start":{"line":151,"column":12},"end":{"line":153,"column":13}},"48":{"start":{"line":152,"column":16},"end":{"line":152,"column":72}},"49":{"start":{"line":154,"column":15},"end":{"line":158,"column":9}},"50":{"start":{"line":155,"column":12},"end":{"line":155,"column":53}},"51":{"start":{"line":157,"column":12},"end":{"line":157,"column":82}},"52":{"start":{"line":161,"column":15},"end":{"line":166,"column":5}},"53":{"start":{"line":162,"column":8},"end":{"line":165,"column":9}},"54":{"start":{"line":163,"column":12},"end":{"line":163,"column":54}},"55":{"start":{"line":164,"column":12},"end":{"line":164,"column":97}},"56":{"start":{"line":168,"column":19},"end":{"line":170,"column":5}},"57":{"start":{"line":169,"column":8},"end":{"line":169,"column":96}},"58":{"start":{"line":185,"column":12},"end":{"line":185,"column":22}},"59":{"start":{"line":189,"column":12},"end":{"line":189,"column":22}},"60":{"start":{"line":191,"column":8},"end":{"line":235,"column":10}},"61":{"start":{"line":196,"column":24},"end":{"line":196,"column":42}},"62":{"start":{"line":207,"column":34},"end":{"line":207,"column":91}},"63":{"start":{"line":208,"column":39},"end":{"line":208,"column":116}}},"fnMap":{"0":{"name":"(anonymous_0)","decl":{"start":{"line":26,"column":4},"end":{"line":26,"column":5}},"loc":{"start":{"line":26,"column":23},"end":{"line":47,"column":5}},"line":26},"1":{"name":"(anonymous_1)","decl":{"start":{"line":49,"column":4},"end":{"line":49,"column":5}},"loc":{"start":{"line":49,"column":16},"end":{"line":51,"column":5}},"line":49},"2":{"name":"(anonymous_2)","decl":{"start":{"line":53,"column":4},"end":{"line":53,"column":5}},"loc":{"start":{"line":53,"column":15},"end":{"line":55,"column":5}},"line":53},"3":{"name":"(anonymous_3)","decl":{"start":{"line":57,"column":4},"end":{"line":57,"column":5}},"loc":{"start":{"line":57,"column":22},"end":{"line":59,"column":5}},"line":57},"4":{"name":"(anonymous_4)","decl":{"start":{"line":61,"column":4},"end":{"line":61,"column":5}},"loc":{"start":{"line":61,"column":20},"end":{"line":63,"column":5}},"line":61},"5":{"name":"(anonymous_5)","decl":{"start":{"line":65,"column":40},"end":{"line":65,"column":41}},"loc":{"start":{"line":65,"column":51},"end":{"line":68,"column":5}},"line":65},"6":{"name":"(anonymous_6)","decl":{"start":{"line":70,"column":35},"end":{"line":70,"column":36}},"loc":{"start":{"line":70,"column":46},"end":{"line":80,"column":5}},"line":70},"7":{"name":"(anonymous_7)","decl":{"start":{"line":82,"column":34},"end":{"line":82,"column":35}},"loc":{"start":{"line":82,"column":45},"end":{"line":92,"column":5}},"line":82},"8":{"name":"(anonymous_8)","decl":{"start":{"line":94,"column":29},"end":{"line":94,"column":30}},"loc":{"start":{"line":94,"column":59},"end":{"line":100,"column":5}},"line":94},"9":{"name":"(anonymous_9)","decl":{"start":{"line":102,"column":29},"end":{"line":102,"column":30}},"loc":{"start":{"line":102,"column":44},"end":{"line":104,"column":5}},"line":102},"10":{"name":"(anonymous_10)","decl":{"start":{"line":106,"column":27},"end":{"line":106,"column":28}},"loc":{"start":{"line":106,"column":50},"end":{"line":111,"column":5}},"line":106},"11":{"name":"(anonymous_11)","decl":{"start":{"line":113,"column":28},"end":{"line":113,"column":29}},"loc":{"start":{"line":113,"column":51},"end":{"line":118,"column":5}},"line":113},"12":{"name":"(anonymous_12)","decl":{"start":{"line":120,"column":25},"end":{"line":120,"column":26}},"loc":{"start":{"line":120,"column":43},"end":{"line":124,"column":5}},"line":120},"13":{"name":"(anonymous_13)","decl":{"start":{"line":126,"column":26},"end":{"line":126,"column":27}},"loc":{"start":{"line":126,"column":45},"end":{"line":130,"column":5}},"line":126},"14":{"name":"(anonymous_14)","decl":{"start":{"line":132,"column":34},"end":{"line":132,"column":35}},"loc":{"start":{"line":132,"column":44},"end":{"line":134,"column":5}},"line":132},"15":{"name":"(anonymous_15)","decl":{"start":{"line":136,"column":21},"end":{"line":136,"column":22}},"loc":{"start":{"line":136,"column":42},"end":{"line":140,"column":5}},"line":136},"16":{"name":"(anonymous_16)","decl":{"start":{"line":142,"column":16},"end":{"line":142,"column":17}},"loc":{"start":{"line":142,"column":79},"end":{"line":159,"column":5}},"line":142},"17":{"name":"(anonymous_17)","decl":{"start":{"line":161,"column":15},"end":{"line":161,"column":16}},"loc":{"start":{"line":161,"column":27},"end":{"line":166,"column":5}},"line":161},"18":{"name":"(anonymous_18)","decl":{"start":{"line":168,"column":19},"end":{"line":168,"column":20}},"loc":{"start":{"line":168,"column":34},"end":{"line":170,"column":5}},"line":168},"19":{"name":"(anonymous_19)","decl":{"start":{"line":172,"column":4},"end":{"line":172,"column":5}},"loc":{"start":{"line":172,"column":13},"end":{"line":236,"column":5}},"line":172},"20":{"name":"(anonymous_20)","decl":{"start":{"line":195,"column":25},"end":{"line":195,"column":26}},"loc":{"start":{"line":195,"column":32},"end":{"line":197,"column":21}},"line":195},"21":{"name":"(anonymous_21)","decl":{"start":{"line":207,"column":28},"end":{"line":207,"column":29}},"loc":{"start":{"line":207,"column":34},"end":{"line":207,"column":91}},"line":207},"22":{"name":"(anonymous_22)","decl":{"start":{"line":208,"column":33},"end":{"line":208,"column":34}},"loc":{"start":{"line":208,"column":39},"end":{"line":208,"column":116}},"line":208}},"branchMap":{"0":{"loc":{"start":{"line":75,"column":24},"end":{"line":75,"column":57}},"type":"binary-expr","locations":[{"start":{"line":75,"column":24},"end":{"line":75,"column":34}},{"start":{"line":75,"column":38},"end":{"line":75,"column":57}}],"line":75},"1":{"loc":{"start":{"line":87,"column":24},"end":{"line":87,"column":57}},"type":"binary-expr","locations":[{"start":{"line":87,"column":24},"end":{"line":87,"column":34}},{"start":{"line":87,"column":38},"end":{"line":87,"column":57}}],"line":87},"2":{"loc":{"start":{"line":95,"column":8},"end":{"line":99,"column":9}},"type":"if","locations":[{"start":{"line":95,"column":8},"end":{"line":99,"column":9}},{"start":{"line":95,"column":8},"end":{"line":99,"column":9}}],"line":95},"3":{"loc":{"start":{"line":107,"column":8},"end":{"line":109,"column":9}},"type":"if","locations":[{"start":{"line":107,"column":8},"end":{"line":109,"column":9}},{"start":{"line":107,"column":8},"end":{"line":109,"column":9}}],"line":107},"4":{"loc":{"start":{"line":110,"column":8},"end":{"line":110,"column":88}},"type":"binary-expr","locations":[{"start":{"line":110,"column":8},"end":{"line":110,"column":29}},{"start":{"line":110,"column":33},"end":{"line":110,"column":88}}],"line":110},"5":{"loc":{"start":{"line":114,"column":8},"end":{"line":116,"column":9}},"type":"if","locations":[{"start":{"line":114,"column":8},"end":{"line":116,"column":9}},{"start":{"line":114,"column":8},"end":{"line":116,"column":9}}],"line":114},"6":{"loc":{"start":{"line":117,"column":8},"end":{"line":117,"column":88}},"type":"binary-expr","locations":[{"start":{"line":117,"column":8},"end":{"line":117,"column":29}},{"start":{"line":117,"column":33},"end":{"line":117,"column":88}}],"line":117},"7":{"loc":{"start":{"line":146,"column":8},"end":{"line":158,"column":9}},"type":"if","locations":[{"start":{"line":146,"column":8},"end":{"line":158,"column":9}},{"start":{"line":146,"column":8},"end":{"line":158,"column":9}}],"line":146},"8":{"loc":{"start":{"line":148,"column":15},"end":{"line":158,"column":9}},"type":"if","locations":[{"start":{"line":148,"column":15},"end":{"line":158,"column":9}},{"start":{"line":148,"column":15},"end":{"line":158,"column":9}}],"line":148},"9":{"loc":{"start":{"line":151,"column":12},"end":{"line":153,"column":13}},"type":"if","locations":[{"start":{"line":151,"column":12},"end":{"line":153,"column":13}},{"start":{"line":151,"column":12},"end":{"line":153,"column":13}}],"line":151},"10":{"loc":{"start":{"line":154,"column":15},"end":{"line":158,"column":9}},"type":"if","locations":[{"start":{"line":154,"column":15},"end":{"line":158,"column":9}},{"start":{"line":154,"column":15},"end":{"line":158,"column":9}}],"line":154},"11":{"loc":{"start":{"line":157,"column":19},"end":{"line":157,"column":81}},"type":"binary-expr","locations":[{"start":{"line":157,"column":19},"end":{"line":157,"column":31}},{"start":{"line":157,"column":35},"end":{"line":157,"column":81}}],"line":157},"12":{"loc":{"start":{"line":162,"column":8},"end":{"line":165,"column":9}},"type":"if","locations":[{"start":{"line":162,"column":8},"end":{"line":165,"column":9}},{"start":{"line":162,"column":8},"end":{"line":165,"column":9}}],"line":162},"13":{"loc":{"start":{"line":222,"column":21},"end":{"line":224,"column":130}},"type":"cond-expr","locations":[{"start":{"line":223,"column":24},"end":{"line":223,"column":47}},{"start":{"line":224,"column":24},"end":{"line":224,"column":130}}],"line":222}},"s":{"0":0,"1":0,"2":0,"3":0,"4":0,"5":0,"6":0,"7":0,"8":0,"9":0,"10":0,"11":0,"12":0,"13":0,"14":0,"15":0,"16":0,"17":0,"18":0,"19":0,"20":0,"21":0,"22":0,"23":0,"24":0,"25":0,"26":0,"27":0,"28":0,"29":0,"30":0,"31":0,"32":0,"33":0,"34":0,"35":0,"36":0,"37":0,"38":0,"39":0,"40":0,"41":0,"42":0,"43":0,"44":0,"45":0,"46":0,"47":0,"48":0,"49":0,"50":0,"51":0,"52":0,"53":0,"54":0,"55":0,"56":0,"57":0,"58":0,"59":0,"60":0,"61":0,"62":0,"63":0},"f":{"0":0,"1":0,"2":0,"3":0,"4":0,"5":0,"6":0,"7":0,"8":0,"9":0,"10":0,"11":0,"12":0,"13":0,"14":0,"15":0,"16":0,"17":0,"18":0,"19":0,"20":0,"21":0,"22":0},"b":{"0":[0,0],"1":[0,0],"2":[0,0],"3":[0,0],"4":[0,0],"5":[0,0],"6":[0,0],"7":[0,0],"8":[0,0],"9":[0,0],"10":[0,0],"11":[0,0],"12":[0,0],"13":[0,0]},"hash":"0300e804a5cf431da69f439defa0fcf95fd2050e"}
,"/Users/sergiumironescuiancu1/Desktop/Sergio/React/React_Native/moodem/components/common/PlayerContainer.js": {"path":"/Users/sergiumironescuiancu1/Desktop/Sergio/React/React_Native/moodem/components/common/PlayerContainer.js","statementMap":{"0":{"start":{"line":6,"column":8},"end":{"line":10,"column":10}}},"fnMap":{"0":{"name":"(anonymous_0)","decl":{"start":{"line":5,"column":4},"end":{"line":5,"column":5}},"loc":{"start":{"line":5,"column":13},"end":{"line":11,"column":5}},"line":5}},"branchMap":{},"s":{"0":0},"f":{"0":0},"b":{},"hash":"09841b3b261ba09c980a30278e7abd873834b92d"}
,"/Users/sergiumironescuiancu1/Desktop/Sergio/React/React_Native/moodem/components/common/PlayerControlBackward.js": {"path":"/Users/sergiumironescuiancu1/Desktop/Sergio/React/React_Native/moodem/components/common/PlayerControlBackward.js","statementMap":{"0":{"start":{"line":7,"column":8},"end":{"line":7,"column":21}},"1":{"start":{"line":13,"column":12},"end":{"line":13,"column":22}},"2":{"start":{"line":15,"column":8},"end":{"line":27,"column":10}},"3":{"start":{"line":24,"column":20},"end":{"line":24,"column":38}}},"fnMap":{"0":{"name":"(anonymous_0)","decl":{"start":{"line":6,"column":4},"end":{"line":6,"column":5}},"loc":{"start":{"line":6,"column":23},"end":{"line":8,"column":5}},"line":6},"1":{"name":"(anonymous_1)","decl":{"start":{"line":10,"column":4},"end":{"line":10,"column":5}},"loc":{"start":{"line":10,"column":13},"end":{"line":28,"column":5}},"line":10},"2":{"name":"(anonymous_2)","decl":{"start":{"line":23,"column":25},"end":{"line":23,"column":26}},"loc":{"start":{"line":23,"column":31},"end":{"line":25,"column":17}},"line":23}},"branchMap":{},"s":{"0":0,"1":0,"2":0,"3":0},"f":{"0":0,"1":0,"2":0},"b":{},"hash":"04d652e2fbbc8732d1e129ac39a2563dc6bc144f"}
,"/Users/sergiumironescuiancu1/Desktop/Sergio/React/React_Native/moodem/components/common/PlayerControlForward.js": {"path":"/Users/sergiumironescuiancu1/Desktop/Sergio/React/React_Native/moodem/components/common/PlayerControlForward.js","statementMap":{"0":{"start":{"line":7,"column":8},"end":{"line":7,"column":21}},"1":{"start":{"line":13,"column":12},"end":{"line":13,"column":22}},"2":{"start":{"line":15,"column":8},"end":{"line":26,"column":9}},"3":{"start":{"line":24,"column":20},"end":{"line":24,"column":37}}},"fnMap":{"0":{"name":"(anonymous_0)","decl":{"start":{"line":6,"column":4},"end":{"line":6,"column":5}},"loc":{"start":{"line":6,"column":23},"end":{"line":8,"column":5}},"line":6},"1":{"name":"(anonymous_1)","decl":{"start":{"line":10,"column":4},"end":{"line":10,"column":5}},"loc":{"start":{"line":10,"column":13},"end":{"line":27,"column":5}},"line":10},"2":{"name":"(anonymous_2)","decl":{"start":{"line":23,"column":25},"end":{"line":23,"column":26}},"loc":{"start":{"line":23,"column":31},"end":{"line":25,"column":17}},"line":23}},"branchMap":{},"s":{"0":0,"1":0,"2":0,"3":0},"f":{"0":0,"1":0,"2":0},"b":{},"hash":"f9ce3d5b0d63104adda379f7650d3f8072dc7a98"}
,"/Users/sergiumironescuiancu1/Desktop/Sergio/React/React_Native/moodem/components/common/PlayerControlPlayPause.js": {"path":"/Users/sergiumironescuiancu1/Desktop/Sergio/React/React_Native/moodem/components/common/PlayerControlPlayPause.js","statementMap":{"0":{"start":{"line":5,"column":38},"end":{"line":22,"column":1}},"1":{"start":{"line":9,"column":8},"end":{"line":9,"column":13}},"2":{"start":{"line":11,"column":4},"end":{"line":21,"column":6}},"3":{"start":{"line":19,"column":27},"end":{"line":19,"column":54}}},"fnMap":{"0":{"name":"(anonymous_0)","decl":{"start":{"line":5,"column":38},"end":{"line":5,"column":39}},"loc":{"start":{"line":5,"column":47},"end":{"line":22,"column":1}},"line":5},"1":{"name":"(anonymous_1)","decl":{"start":{"line":19,"column":21},"end":{"line":19,"column":22}},"loc":{"start":{"line":19,"column":27},"end":{"line":19,"column":54}},"line":19}},"branchMap":{"0":{"loc":{"start":{"line":15,"column":18},"end":{"line":15,"column":46}},"type":"cond-expr","locations":[{"start":{"line":15,"column":30},"end":{"line":15,"column":37}},{"start":{"line":15,"column":40},"end":{"line":15,"column":46}}],"line":15},"1":{"loc":{"start":{"line":16,"column":18},"end":{"line":16,"column":56}},"type":"cond-expr","locations":[{"start":{"line":16,"column":30},"end":{"line":16,"column":41}},{"start":{"line":16,"column":44},"end":{"line":16,"column":56}}],"line":16}},"s":{"0":0,"1":0,"2":0,"3":0},"f":{"0":0,"1":0},"b":{"0":[0,0],"1":[0,0]},"hash":"b825845b74bc67e7c08040953abad679334d1148"}
,"/Users/sergiumironescuiancu1/Desktop/Sergio/React/React_Native/moodem/components/common/PlayerControlRepeat.js": {"path":"/Users/sergiumironescuiancu1/Desktop/Sergio/React/React_Native/moodem/components/common/PlayerControlRepeat.js","statementMap":{"0":{"start":{"line":8,"column":8},"end":{"line":8,"column":21}},"1":{"start":{"line":15,"column":12},"end":{"line":15,"column":22}},"2":{"start":{"line":17,"column":8},"end":{"line":45,"column":10}},"3":{"start":{"line":28,"column":28},"end":{"line":28,"column":56}}},"fnMap":{"0":{"name":"(anonymous_0)","decl":{"start":{"line":7,"column":4},"end":{"line":7,"column":5}},"loc":{"start":{"line":7,"column":23},"end":{"line":9,"column":5}},"line":7},"1":{"name":"(anonymous_1)","decl":{"start":{"line":11,"column":4},"end":{"line":11,"column":5}},"loc":{"start":{"line":11,"column":13},"end":{"line":46,"column":5}},"line":11},"2":{"name":"(anonymous_2)","decl":{"start":{"line":27,"column":33},"end":{"line":27,"column":34}},"loc":{"start":{"line":27,"column":39},"end":{"line":29,"column":25}},"line":27}},"branchMap":{"0":{"loc":{"start":{"line":33,"column":20},"end":{"line":42,"column":27}},"type":"binary-expr","locations":[{"start":{"line":33,"column":20},"end":{"line":33,"column":32}},{"start":{"line":34,"column":20},"end":{"line":42,"column":27}}],"line":33}},"s":{"0":0,"1":0,"2":0,"3":0},"f":{"0":0,"1":0,"2":0},"b":{"0":[0,0]},"hash":"660a70da9ad7db65be8250d8b98939b22fbc1a1c"}
,"/Users/sergiumironescuiancu1/Desktop/Sergio/React/React_Native/moodem/components/common/PlayerControlShuffle.js": {"path":"/Users/sergiumironescuiancu1/Desktop/Sergio/React/React_Native/moodem/components/common/PlayerControlShuffle.js","statementMap":{"0":{"start":{"line":8,"column":8},"end":{"line":8,"column":21}},"1":{"start":{"line":15,"column":12},"end":{"line":15,"column":22}},"2":{"start":{"line":17,"column":8},"end":{"line":43,"column":9}},"3":{"start":{"line":27,"column":28},"end":{"line":27,"column":58}}},"fnMap":{"0":{"name":"(anonymous_0)","decl":{"start":{"line":7,"column":4},"end":{"line":7,"column":5}},"loc":{"start":{"line":7,"column":23},"end":{"line":9,"column":5}},"line":7},"1":{"name":"(anonymous_1)","decl":{"start":{"line":11,"column":4},"end":{"line":11,"column":5}},"loc":{"start":{"line":11,"column":13},"end":{"line":44,"column":5}},"line":11},"2":{"name":"(anonymous_2)","decl":{"start":{"line":26,"column":33},"end":{"line":26,"column":34}},"loc":{"start":{"line":26,"column":39},"end":{"line":28,"column":25}},"line":26}},"branchMap":{"0":{"loc":{"start":{"line":31,"column":20},"end":{"line":40,"column":27}},"type":"binary-expr","locations":[{"start":{"line":31,"column":20},"end":{"line":31,"column":33}},{"start":{"line":32,"column":20},"end":{"line":40,"column":27}}],"line":31}},"s":{"0":0,"1":0,"2":0,"3":0},"f":{"0":0,"1":0,"2":0},"b":{"0":[0,0]},"hash":"780daec4dd33bca12c811ac1f44e79db49455eb0"}
,"/Users/sergiumironescuiancu1/Desktop/Sergio/React/React_Native/moodem/components/common/PlayerControlTimeSeek.js": {"path":"/Users/sergiumironescuiancu1/Desktop/Sergio/React/React_Native/moodem/components/common/PlayerControlTimeSeek.js","statementMap":{"0":{"start":{"line":7,"column":16},"end":{"line":7,"column":31}},"1":{"start":{"line":8,"column":17},"end":{"line":8,"column":39}},"2":{"start":{"line":9,"column":17},"end":{"line":9,"column":28}},"3":{"start":{"line":12,"column":14},"end":{"line":12,"column":16}},"4":{"start":{"line":14,"column":4},"end":{"line":16,"column":5}},"5":{"start":{"line":15,"column":8},"end":{"line":15,"column":55}},"6":{"start":{"line":18,"column":4},"end":{"line":18,"column":52}},"7":{"start":{"line":19,"column":4},"end":{"line":19,"column":21}},"8":{"start":{"line":20,"column":4},"end":{"line":20,"column":15}},"9":{"start":{"line":24,"column":8},"end":{"line":24,"column":21}},"10":{"start":{"line":26,"column":8},"end":{"line":28,"column":9}},"11":{"start":{"line":35,"column":12},"end":{"line":35,"column":22}},"12":{"start":{"line":38,"column":12},"end":{"line":38,"column":22}},"13":{"start":{"line":40,"column":8},"end":{"line":65,"column":10}},"14":{"start":{"line":53,"column":24},"end":{"line":53,"column":43}},"15":{"start":{"line":58,"column":44},"end":{"line":58,"column":75}},"16":{"start":{"line":69,"column":15},"end":{"line":92,"column":1}}},"fnMap":{"0":{"name":"timeFormat","decl":{"start":{"line":5,"column":9},"end":{"line":5,"column":19}},"loc":{"start":{"line":5,"column":26},"end":{"line":21,"column":1}},"line":5},"1":{"name":"(anonymous_1)","decl":{"start":{"line":23,"column":4},"end":{"line":23,"column":5}},"loc":{"start":{"line":23,"column":23},"end":{"line":29,"column":5}},"line":23},"2":{"name":"(anonymous_2)","decl":{"start":{"line":30,"column":4},"end":{"line":30,"column":5}},"loc":{"start":{"line":30,"column":13},"end":{"line":66,"column":5}},"line":30},"3":{"name":"(anonymous_3)","decl":{"start":{"line":52,"column":33},"end":{"line":52,"column":34}},"loc":{"start":{"line":52,"column":39},"end":{"line":54,"column":21}},"line":52},"4":{"name":"(anonymous_4)","decl":{"start":{"line":58,"column":35},"end":{"line":58,"column":36}},"loc":{"start":{"line":58,"column":44},"end":{"line":58,"column":75}},"line":58}},"branchMap":{"0":{"loc":{"start":{"line":14,"column":4},"end":{"line":16,"column":5}},"type":"if","locations":[{"start":{"line":14,"column":4},"end":{"line":16,"column":5}},{"start":{"line":14,"column":4},"end":{"line":16,"column":5}}],"line":14},"1":{"loc":{"start":{"line":15,"column":33},"end":{"line":15,"column":53}},"type":"cond-expr","locations":[{"start":{"line":15,"column":45},"end":{"line":15,"column":48}},{"start":{"line":15,"column":51},"end":{"line":15,"column":53}}],"line":15},"2":{"loc":{"start":{"line":18,"column":30},"end":{"line":18,"column":50}},"type":"cond-expr","locations":[{"start":{"line":18,"column":42},"end":{"line":18,"column":45}},{"start":{"line":18,"column":48},"end":{"line":18,"column":50}}],"line":18}},"s":{"0":0,"1":0,"2":0,"3":0,"4":0,"5":0,"6":0,"7":0,"8":0,"9":0,"10":0,"11":0,"12":0,"13":0,"14":0,"15":0,"16":0},"f":{"0":0,"1":0,"2":0,"3":0,"4":0},"b":{"0":[0,0],"1":[0,0],"2":[0,0]},"hash":"33ccc4666c9c9f05599ad402cb5d18c8d2706c23"}
,"/Users/sergiumironescuiancu1/Desktop/Sergio/React/React_Native/moodem/components/common/PlayerControlsContainer.js": {"path":"/Users/sergiumironescuiancu1/Desktop/Sergio/React/React_Native/moodem/components/common/PlayerControlsContainer.js","statementMap":{"0":{"start":{"line":6,"column":8},"end":{"line":10,"column":9}}},"fnMap":{"0":{"name":"(anonymous_0)","decl":{"start":{"line":5,"column":4},"end":{"line":5,"column":5}},"loc":{"start":{"line":5,"column":13},"end":{"line":11,"column":5}},"line":5}},"branchMap":{},"s":{"0":0},"f":{"0":0},"b":{},"hash":"5db5443f8392f42aaced644c75cade6e7f675ea5"}
,"/Users/sergiumironescuiancu1/Desktop/Sergio/React/React_Native/moodem/components/common/SongInfoAlbumCover.js": {"path":"/Users/sergiumironescuiancu1/Desktop/Sergio/React/React_Native/moodem/components/common/SongInfoAlbumCover.js","statementMap":{"0":{"start":{"line":8,"column":12},"end":{"line":8,"column":22}},"1":{"start":{"line":10,"column":8},"end":{"line":14,"column":9}}},"fnMap":{"0":{"name":"(anonymous_0)","decl":{"start":{"line":5,"column":4},"end":{"line":5,"column":5}},"loc":{"start":{"line":5,"column":13},"end":{"line":15,"column":5}},"line":5}},"branchMap":{},"s":{"0":0,"1":0},"f":{"0":0},"b":{},"hash":"ab748523956c86a9388a48cbe2d0d27805e34dee"}
,"/Users/sergiumironescuiancu1/Desktop/Sergio/React/React_Native/moodem/components/common/SongInfoArtist.js": {"path":"/Users/sergiumironescuiancu1/Desktop/Sergio/React/React_Native/moodem/components/common/SongInfoArtist.js","statementMap":{"0":{"start":{"line":8,"column":12},"end":{"line":8,"column":22}},"1":{"start":{"line":10,"column":8},"end":{"line":14,"column":9}}},"fnMap":{"0":{"name":"(anonymous_0)","decl":{"start":{"line":5,"column":4},"end":{"line":5,"column":5}},"loc":{"start":{"line":5,"column":13},"end":{"line":15,"column":5}},"line":5}},"branchMap":{},"s":{"0":0,"1":0},"f":{"0":0},"b":{},"hash":"c1cb591b42f01f95bf4d346d6504a06052c1c090"}
,"/Users/sergiumironescuiancu1/Desktop/Sergio/React/React_Native/moodem/components/common/SongInfoContainer.js": {"path":"/Users/sergiumironescuiancu1/Desktop/Sergio/React/React_Native/moodem/components/common/SongInfoContainer.js","statementMap":{"0":{"start":{"line":6,"column":8},"end":{"line":10,"column":9}}},"fnMap":{"0":{"name":"(anonymous_0)","decl":{"start":{"line":5,"column":4},"end":{"line":5,"column":5}},"loc":{"start":{"line":5,"column":13},"end":{"line":11,"column":5}},"line":5}},"branchMap":{},"s":{"0":0},"f":{"0":0},"b":{},"hash":"c96d22dba1956fb2d5cb031d6c7c1ca161f11fdd"}
,"/Users/sergiumironescuiancu1/Desktop/Sergio/React/React_Native/moodem/components/common/SongInfoTime.js": {"path":"/Users/sergiumironescuiancu1/Desktop/Sergio/React/React_Native/moodem/components/common/SongInfoTime.js","statementMap":{"0":{"start":{"line":8,"column":12},"end":{"line":8,"column":22}},"1":{"start":{"line":10,"column":8},"end":{"line":14,"column":9}}},"fnMap":{"0":{"name":"(anonymous_0)","decl":{"start":{"line":5,"column":4},"end":{"line":5,"column":5}},"loc":{"start":{"line":5,"column":13},"end":{"line":15,"column":5}},"line":5}},"branchMap":{},"s":{"0":0,"1":0},"f":{"0":0},"b":{},"hash":"226d86b529bb250abba9585e098ac6696715f7f9"}
,"/Users/sergiumironescuiancu1/Desktop/Sergio/React/React_Native/moodem/components/common/SongInfoTitle.js": {"path":"/Users/sergiumironescuiancu1/Desktop/Sergio/React/React_Native/moodem/components/common/SongInfoTitle.js","statementMap":{"0":{"start":{"line":8,"column":12},"end":{"line":8,"column":22}},"1":{"start":{"line":10,"column":8},"end":{"line":14,"column":9}}},"fnMap":{"0":{"name":"(anonymous_0)","decl":{"start":{"line":5,"column":4},"end":{"line":5,"column":5}},"loc":{"start":{"line":5,"column":13},"end":{"line":15,"column":5}},"line":5}},"branchMap":{},"s":{"0":0,"1":0},"f":{"0":0},"b":{},"hash":"069e6e9bc196d3b2517fb51781b6605ce3479012"}
,"/Users/sergiumironescuiancu1/Desktop/Sergio/React/React_Native/moodem/components/common/TopSearchBar.js": {"path":"/Users/sergiumironescuiancu1/Desktop/Sergio/React/React_Native/moodem/components/common/TopSearchBar.js","statementMap":{"0":{"start":{"line":7,"column":21},"end":{"line":7,"column":23}},"1":{"start":{"line":10,"column":4},"end":{"line":10,"column":28}},"2":{"start":{"line":15,"column":4},"end":{"line":19,"column":5}},"3":{"start":{"line":16,"column":8},"end":{"line":16,"column":54}},"4":{"start":{"line":17,"column":11},"end":{"line":19,"column":5}},"5":{"start":{"line":18,"column":8},"end":{"line":18,"column":54}},"6":{"start":{"line":21,"column":4},"end":{"line":21,"column":33}},"7":{"start":{"line":25,"column":27},"end":{"line":25,"column":29}},"8":{"start":{"line":27,"column":4},"end":{"line":52,"column":7}},"9":{"start":{"line":28,"column":8},"end":{"line":51,"column":9}},"10":{"start":{"line":29,"column":12},"end":{"line":50,"column":15}},"11":{"start":{"line":54,"column":4},"end":{"line":54,"column":26}},"12":{"start":{"line":58,"column":4},"end":{"line":61,"column":7}},"13":{"start":{"line":65,"column":4},"end":{"line":65,"column":38}},"14":{"start":{"line":66,"column":4},"end":{"line":70,"column":7}},"15":{"start":{"line":75,"column":8},"end":{"line":75,"column":21}},"16":{"start":{"line":77,"column":8},"end":{"line":77,"column":49}},"17":{"start":{"line":78,"column":8},"end":{"line":83,"column":10}},"18":{"start":{"line":87,"column":8},"end":{"line":87,"column":52}},"19":{"start":{"line":88,"column":8},"end":{"line":88,"column":38}},"20":{"start":{"line":91,"column":24},"end":{"line":103,"column":5}},"21":{"start":{"line":92,"column":8},"end":{"line":102,"column":9}},"22":{"start":{"line":93,"column":12},"end":{"line":93,"column":53}},"23":{"start":{"line":94,"column":25},"end":{"line":94,"column":75}},"24":{"start":{"line":95,"column":12},"end":{"line":95,"column":41}},"25":{"start":{"line":97,"column":12},"end":{"line":101,"column":13}},"26":{"start":{"line":98,"column":16},"end":{"line":98,"column":52}},"27":{"start":{"line":100,"column":16},"end":{"line":100,"column":58}},
[...]
,"/Users/sergiumironescuiancu1/Desktop/Sergio/React/React_Native/moodem/src/css/styles/customButton.js": {"path":"/Users/sergiumironescuiancu1/Desktop/Sergio/React/React_Native/moodem/src/css/styles/customButton.js","statementMap":{"0":{"start":{"line":1,"column":31},"end":{"line":7,"column":1}}},"fnMap":{},"branchMap":{},"s":{"0":0},"f":{},"b":{},"hash":"31ad2205ebe038941e96107cf6a7b7e08a2c518a"}
,"/Users/sergiumironescuiancu1/Desktop/Sergio/React/React_Native/moodem/src/css/styles/footer.js": {"path":"/Users/sergiumironescuiancu1/Desktop/Sergio/React/React_Native/moodem/src/css/styles/footer.js","statementMap":{},"fnMap":{},"branchMap":{},"s":{},"f":{},"b":{},"hash":"b6b87c3de3d6873e8d0c798a0a0ffcddd80328b4"}
,"/Users/sergiumironescuiancu1/Desktop/Sergio/React/React_Native/moodem/src/css/styles/header.js": {"path":"/Users/sergiumironescuiancu1/Desktop/Sergio/React/React_Native/moodem/src/css/styles/header.js","statementMap":{},"fnMap":{},"branchMap":{},"s":{},"f":{},"b":{},"hash":"0ee0797440e0f62380ee01999200787d434645e0"}
,"/Users/sergiumironescuiancu1/Desktop/Sergio/React/React_Native/moodem/src/css/styles/index.js": {"path":"/Users/sergiumironescuiancu1/Desktop/Sergio/React/React_Native/moodem/src/css/styles/index.js","statementMap":{},"fnMap":{},"branchMap":{},"s":{},"f":{},"b":{},"hash":"ad453221911e9707cb97aa7b27f9adcefcc99742"}
,"/Users/sergiumironescuiancu1/Desktop/Sergio/React/React_Native/moodem/src/css/styles/login.js": {"path":"/Users/sergiumironescuiancu1/Desktop/Sergio/React/React_Native/moodem/src/css/styles/login.js","statementMap":{"0":{"start":{"line":1,"column":25},"end":{"line":7,"column":1}}},"fnMap":{},"branchMap":{},"s":{"0":0},"f":{},"b":{},"hash":"238fb71fc0baf602c5ba6be41fb7f92ffe6bcabc"}
,"/Users/sergiumironescuiancu1/Desktop/Sergio/React/React_Native/moodem/src/css/styles/offlineNotice.js": {"path":"/Users/sergiumironescuiancu1/Desktop/Sergio/React/React_Native/moodem/src/css/styles/offlineNotice.js","statementMap":{"0":{"start":{"line":3,"column":18},"end":{"line":3,"column":42}},"1":{"start":{"line":5,"column":32},"end":{"line":14,"column":1}},"2":{"start":{"line":15,"column":27},"end":{"line":17,"column":1}}},"fnMap":{},"branchMap":{},"s":{"0":0,"1":0,"2":0},"f":{},"b":{},"hash":"63ed410ddb67046487c00eb0e6170054ef1d7850"}
,"/Users/sergiumironescuiancu1/Desktop/Sergio/React/React_Native/moodem/src/css/styles/register.js": {"path":"/Users/sergiumironescuiancu1/Desktop/Sergio/React/React_Native/moodem/src/css/styles/register.js","statementMap":{"0":{"start":{"line":1,"column":28},"end":{"line":8,"column":1}}},"fnMap":{},"branchMap":{},"s":{"0":0},"f":{},"b":{},"hash":"ca309c436e2813e2f51897d0d4034c476cdd6eb3"}
,"/Users/sergiumironescuiancu1/Desktop/Sergio/React/React_Native/moodem/src/js/SoundCloud/soundCloudFetchers.js": {"path":"/Users/sergiumironescuiancu1/Desktop/Sergio/React/React_Native/moodem/src/js/SoundCloud/soundCloudFetchers.js","statementMap":{"0":{"start":{"line":5,"column":4},"end":{"line":12,"column":5}},"1":{"start":{"line":6,"column":25},"end":{"line":8,"column":10}},"2":{"start":{"line":9,"column":8},"end":{"line":9,"column":20}},"3":{"start":{"line":11,"column":8},"end":{"line":11,"column":20}}},"fnMap":{"0":{"name":"getSoundCloudTacks","decl":{"start":{"line":4,"column":22},"end":{"line":4,"column":40}},"loc":{"start":{"line":4,"column":75},"end":{"line":13,"column":1}},"line":4}},"branchMap":{"0":{"loc":{"start":{"line":4,"column":63},"end":{"line":4,"column":73}},"type":"default-arg","locations":[{"start":{"line":4,"column":71},"end":{"line":4,"column":73}}],"line":4}},"s":{"0":0,"1":0,"2":0,"3":0},"f":{"0":0},"b":{"0":[0]},"hash":"e9578affc33a45fb17e110bc5df46cf38979f696"}
,"/Users/sergiumironescuiancu1/Desktop/Sergio/React/React_Native/moodem/src/js/Utils/Helpers/objectUtils.js": {"path":"/Users/sergiumironescuiancu1/Desktop/Sergio/React/React_Native/moodem/src/js/Utils/Helpers/objectUtils.js","statementMap":{"0":{"start":{"line":2,"column":1},"end":{"line":2,"column":72}}},"fnMap":{"0":{"name":"isEmpty","decl":{"start":{"line":1,"column":16},"end":{"line":1,"column":23}},"loc":{"start":{"line":1,"column":27},"end":{"line":3,"column":1}},"line":1}},"branchMap":{"0":{"loc":{"start":{"line":2,"column":8},"end":{"line":2,"column":71}},"type":"binary-expr","locations":[{"start":{"line":2,"column":8},"end":{"line":2,"column":10}},{"start":{"line":2,"column":15},"end":{"line":2,"column":39}},{"start":{"line":2,"column":43},"end":{"line":2,"column":70}}],"line":2}},"s":{"0":0},"f":{"0":0},"b":{"0":[0,0,0]},"hash":"d0878f249de2ea4782e133f727f4e697518d34bf"}
,"/Users/sergiumironescuiancu1/Desktop/Sergio/React/React_Native/moodem/src/js/Utils/Helpers/actions/loginHandler.js": {"path":"/Users/sergiumironescuiancu1/Desktop/Sergio/React/React_Native/moodem/src/js/Utils/Helpers/actions/loginHandler.js","statementMap":{"0":{"start":{"line":7,"column":18},"end":{"line":7,"column":41}},"1":{"start":{"line":8,"column":2},"end":{"line":31,"column":5}},"2":{"start":{"line":9,"column":3},"end":{"line":30,"column":4}},"3":{"start":{"line":10,"column":4},"end":{"line":10,"column":28}},"4":{"start":{"line":11,"column":4},"end":{"line":29,"column":8}},"5":{"start":{"line":13,"column":6},"end":{"line":13,"column":42}},"6":{"start":{"line":14,"column":6},"end":{"line":14,"column":27}},"7":{"start":{"line":16,"column":6},"end":{"line":16,"column":43}},"8":{"start":{"line":17,"column":24},"end":{"line":17,"column":34}},"9":{"start":{"line":18,"column":27},"end":{"line":18,"column":40}},"10":{"start":{"line":20,"column":6},"end":{"line":26,"column":7}},"11":{"start":{"line":21,"column":7},"end":{"line":21,"column":96}},"12":{"start":{"line":22,"column":7},"end":{"line":22,"column":35}},"13":{"start":{"line":23,"column":13},"end":{"line":26,"column":7}},"14":{"start":{"line":24,"column":7},"end":{"line":24,"column":90}},"15":{"start":{"line":25,"column":7},"end":{"line":25,"column":35}},"16":{"start":{"line":27,"column":7},"end":{"line":27,"column":87}},"17":{"start":{"line":28,"column":7},"end":{"line":28,"column":35}}},"fnMap":{"0":{"name":"loginHandler","decl":{"start":{"line":6,"column":16},"end":{"line":6,"column":28}},"loc":{"start":{"line":6,"column":35},"end":{"line":32,"column":1}},"line":6},"1":{"name":"(anonymous_1)","decl":{"start":{"line":8,"column":21},"end":{"line":8,"column":22}},"loc":{"start":{"line":8,"column":42},"end":{"line":31,"column":3}},"line":8},"2":{"name":"(anonymous_2)","decl":{"start":{"line":12,"column":11},"end":{"line":12,"column":12}},"loc":{"start":{"line":12,"column":21},"end":{"line":15,"column":6}},"line":12},"3":{"name":"(anonymous_3)","decl":{"start":{"line":15,"column":14},"end":{"line":15,"column":15}},"loc":{"start":{"line":15,"column":23},"end":{"line":29,"column":6}},"line":15}},"branchMap":{"0":{"loc":{"start":{"line":9,"column":3},"end":{"line":30,"column":4}},"type":"if","locations":[{"start":{"line":9,"column":3},"end":{"line":30,"column":4}},{"start":{"line":9,"column":3},"end":{"line":30,"column":4}}],"line":9},"1":{"loc":{"start":{"line":20,"column":6},"end":{"line":26,"column":7}},"type":"if","locations":[{"start":{"line":20,"column":6},"end":{"line":26,"column":7}},{"start":{"line":20,"column":6},"end":{"line":26,"column":7}}],"line":20},"2":{"loc":{"start":{"line":23,"column":13},"end":{"line":26,"column":7}},"type":"if","locations":[{"start":{"line":23,"column":13},"end":{"line":26,"column":7}},{"start":{"line":23,"column":13},"end":{"line":26,"column":7}}],"line":23}},"s":{"0":0,"1":0,"2":0,"3":0,"4":0,"5":0,"6":0,"7":0,"8":0,"9":0,"10":0,"11":0,"12":0,"13":0,"14":0,"15":0,"16":0,"17":0},"f":{"0":0,"1":0,"2":0,"3":0},"b":{"0":[0,0],"1":[0,0],"2":[0,0]},"hash":"d494701857e1abfe69a1a0fc1ed3f2a3a21e721c"}
,"/Users/sergiumironescuiancu1/Desktop/Sergio/React/React_Native/moodem/src/js/Utils/Helpers/actions/resetPasswordHandler.js": {"path":"/Users/sergiumironescuiancu1/Desktop/Sergio/React/React_Native/moodem/src/js/Utils/Helpers/actions/resetPasswordHandler.js","statementMap":{"0":{"start":{"line":4,"column":21},"end":{"line":4,"column":44}},"1":{"start":{"line":6,"column":4},"end":{"line":19,"column":7}},"2":{"start":{"line":7,"column":8},"end":{"line":18,"column":9}},"3":{"start":{"line":8,"column":12},"end":{"line":17,"column":19}},"4":{"start":{"line":10,"column":20},"end":{"line":10,"column":62}},"5":{"start":{"line":11,"column":20},"end":{"line":11,"column":41}},"6":{"start":{"line":13,"column":38},"end":{"line":13,"column":48}},"7":{"start":{"line":14,"column":41},"end":{"line":14,"column":54}},"8":{"start":{"line":15,"column":20},"end":{"line":15,"column":84}},"9":{"start":{"line":16,"column":20},"end":{"line":16,"column":41}}},"fnMap":{"0":{"name":"resetPasswordHandler","decl":{"start":{"line":3,"column":16},"end":{"line":3,"column":36}},"loc":{"start":{"line":3,"column":43},"end":{"line":20,"column":1}},"line":3},"1":{"name":"(anonymous_1)","decl":{"start":{"line":6,"column":23},"end":{"line":6,"column":24}},"loc":{"start":{"line":6,"column":44},"end":{"line":19,"column":5}},"line":6},"2":{"name":"(anonymous_2)","decl":{"start":{"line":9,"column":22},"end":{"line":9,"column":23}},"loc":{"start":{"line":9,"column":32},"end":{"line":12,"column":17}},"line":9},"3":{"name":"(anonymous_3)","decl":{"start":{"line":12,"column":25},"end":{"line":12,"column":26}},"loc":{"start":{"line":12,"column":34},"end":{"line":17,"column":17}},"line":12}},"branchMap":{"0":{"loc":{"start":{"line":7,"column":8},"end":{"line":18,"column":9}},"type":"if","locations":[{"start":{"line":7,"column":8},"end":{"line":18,"column":9}},{"start":{"line":7,"column":8},"end":{"line":18,"column":9}}],"line":7}},"s":{"0":0,"1":0,"2":0,"3":0,"4":0,"5":0,"6":0,"7":0,"8":0,"9":0},"f":{"0":0,"1":0,"2":0,"3":0},"b":{"0":[0,0]},"hash":"ed1922eef9265b9c35201bb1d5be0ee5de0939e2"}
,"/Users/sergiumironescuiancu1/Desktop/Sergio/React/React_Native/moodem/src/js/Utils/Helpers/connection/ConnectionManager.js": {"path":"/Users/sergiumironescuiancu1/Desktop/Sergio/React/React_Native/moodem/src/js/Utils/Helpers/connection/ConnectionManager.js","statementMap":{"0":{"start":{"line":2,"column":4},"end":{"line":7,"column":11}},"1":{"start":{"line":3,"column":26},"end":{"line":3,"column":41}},"2":{"start":{"line":4,"column":22},"end":{"line":4,"column":53}},"3":{"start":{"line":6,"column":12},"end":{"line":6,"column":54}}},"fnMap":{"0":{"name":"doFetch","decl":{"start":{"line":1,"column":16},"end":{"line":1,"column":23}},"loc":{"start":{"line":1,"column":48},"end":{"line":8,"column":1}},"line":1},"1":{"name":"(anonymous_1)","decl":{"start":{"line":3,"column":14},"end":{"line":3,"column":15}},"loc":{"start":{"line":3,"column":26},"end":{"line":3,"column":41}},"line":3},"2":{"name":"(anonymous_2)","decl":{"start":{"line":4,"column":14},"end":{"line":4,"column":15}},"loc":{"start":{"line":4,"column":22},"end":{"line":4,"column":53}},"line":4},"3":{"name":"(anonymous_3)","decl":{"start":{"line":5,"column":15},"end":{"line":5,"column":16}},"loc":{"start":{"line":5,"column":22},"end":{"line":7,"column":9}},"line":5}},"branchMap":{},"s":{"0":0,"1":0,"2":0,"3":0},"f":{"0":0,"1":0,"2":0,"3":0},"b":{},"hash":"5c7141715be982b276c48ba4e710c60572e153c5"}
,"/Users/sergiumironescuiancu1/Desktop/Sergio/React/React_Native/moodem/src/js/Utils/Helpers/decoders/Base64.js": {"path":"/Users/sergiumironescuiancu1/Desktop/Sergio/React/React_Native/moodem/src/js/Utils/Helpers/decoders/Base64.js","statementMap":{"0":{"start":{"line":1,"column":14},"end":{"line":1,"column":81}},"1":{"start":{"line":3,"column":14},"end":{"line":3,"column":19}},"2":{"start":{"line":4,"column":17},"end":{"line":4,"column":19}},"3":{"start":{"line":6,"column":4},"end":{"line":17,"column":5}},"4":{"start":{"line":6,"column":21},"end":{"line":6,"column":22}},"5":{"start":{"line":6,"column":38},"end":{"line":6,"column":39}},"6":{"start":{"line":6,"column":47},"end":{"line":6,"column":52}},"7":{"start":{"line":10,"column":8},"end":{"line":10,"column":46}},"8":{"start":{"line":12,"column":8},"end":{"line":14,"column":9}},"9":{"start":{"line":13,"column":12},"end":{"line":13,"column":120}},"10":{"start":{"line":16,"column":8},"end":{"line":16,"column":38}},"11":{"start":{"line":19,"column":4},"end":{"line":19,"column":18}},"12":{"start":{"line":23,"column":14},"end":{"line":23,"column":38}},"13":{"start":{"line":24,"column":17},"end":{"line":24,"column":19}},"14":{"start":{"line":26,"column":4},"end":{"line":28,"column":5}},"15":{"start":{"line":27,"column":8},"end":{"line":27,"column":93}},"16":{"start":{"line":29,"column":4},"end":{"line":36,"column":5}},"17":{"start":{"line":29,"column":18},"end":{"line":29,"column":19}},"18":{"start":{"line":29,"column":26},"end":{"line":29,"column":27}},"19":{"start":{"line":29,"column":41},"end":{"line":29,"column":42}},"20":{"start":{"line":35,"column":8},"end":{"line":35,"column":39}},"21":{"start":{"line":38,"column":4},"end":{"line":38,"column":18}}},"fnMap":{"0":{"name":"btoa","decl":{"start":{"line":2,"column":16},"end":{"line":2,"column":20}},"loc":{"start":{"line":2,"column":33},"end":{"line":20,"column":1}},"line":2},"1":{"name":"atob","decl":{"start":{"line":22,"column":16},"end":{"line":22,"column":20}},"loc":{"start":{"line":22,"column":33},"end":{"line":39,"column":1}},"line":22}},"branchMap":{"0":{"loc":{"start":{"line":2,"column":21},"end":{"line":2,"column":31}},"type":"default-arg","locations":[{"start":{"line":2,"column":29},"end":{"line":2,"column":31}}],"line":2},"1":{"loc":{"start":{"line":7,"column":8},"end":{"line":7,"column":47}},"type":"binary-expr","locations":[{"start":{"line":7,"column":8},"end":{"line":7,"column":25}},{"start":{"line":7,"column":30},"end":{"line":7,"column":46}}],"line":7},"2":{"loc":{"start":{"line":12,"column":8},"end":{"line":14,"column":9}},"type":"if","locations":[{"start":{"line":12,"column":8},"end":{"line":14,"column":9}},{"start":{"line":12,"column":8},"end":{"line":14,"column":9}}],"line":12},"3":{"loc":{"start":{"line":22,"column":21},"end":{"line":22,"column":31}},"type":"default-arg","locations":[{"start":{"line":22,"column":29},"end":{"line":22,"column":31}}],"line":22},"4":{"loc":{"start":{"line":26,"column":4},"end":{"line":28,"column":5}},"type":"if","locations":[{"start":{"line":26,"column":4},"end":{"line":28,"column":5}},{"start":{"line":26,"column":4},"end":{"line":28,"column":5}}],"line":26},"5":{"loc":{"start":{"line":32,"column":8},"end":{"line":33,"column":84}},"type":"cond-expr","locations":[{"start":{"line":33,"column":24},"end":{"line":33,"column":80}},{"start":{"line":33,"column":83},"end":{"line":33,"column":84}}],"line":32},"6":{"loc":{"start":{"line":32,"column":8},"end":{"line":33,"column":21}},"type":"binary-expr","locations":[{"start":{"line":32,"column":8},"end":{"line":32,"column":15}},{"start":{"line":32,"column":20},"end":{"line":33,"column":20}}],"line":32},"7":{"loc":{"start":{"line":32,"column":25},"end":{"line":32,"column":59}},"type":"cond-expr","locations":[{"start":{"line":32,"column":34},"end":{"line":32,"column":50}},{"start":{"line":32,"column":53},"end":{"line":32,"column":59}}],"line":32}},"s":{"0":0,"1":0,"2":0,"3":0,"4":0,"5":0,"6":0,"7":0,"8":0,"9":0,"10":0,"11":0,"12":0,"13":0,"14":0,"15":0,"16":0,"17":0,"18":0,"19":0,"20":0,"21":0},"f":{"0":0,"1":0},"b":{"0":[0],"1":[0,0],"2":[0,0],"3":[0],"4":[0,0],"5":[0,0],"6":[0,0],"7":[0,0]},"hash":"330683e32ea69581f2bdd87dc18d32e4e2977505"}
,"/Users/sergiumironescuiancu1/Desktop/Sergio/React/React_Native/moodem/src/js/Utils/Helpers/services/firebase.js": {"path":"/Users/sergiumironescuiancu1/Desktop/Sergio/React/React_Native/moodem/src/js/Utils/Helpers/services/firebase.js","statementMap":{},"fnMap":{},"branchMap":{"0":{"loc":{"start":{"line":4,"column":15},"end":{"line":4,"column":94}},"type":"cond-expr","locations":[{"start":{"line":4,"column":39},"end":{"line":4,"column":77}},{"start":{"line":4,"column":80},"end":{"line":4,"column":94}}],"line":4}},"s":{},"f":{},"b":{"0":[0,0]},"hash":"711cfdbfea8a825cc9951e5778292f1da2d51a30"}
,"/Users/sergiumironescuiancu1/Desktop/Sergio/React/React_Native/moodem/src/js/Utils/Helpers/services/sentry.js": {"path":"/Users/sergiumironescuiancu1/Desktop/Sergio/React/React_Native/moodem/src/js/Utils/Helpers/services/sentry.js","statementMap":{},"fnMap":{},"branchMap":{},"s":{},"f":{},"b":{},"hash":"b32417bd5c95d5be597ab5cf376fd9db78029c84"}
,"/Users/sergiumironescuiancu1/Desktop/Sergio/React/React_Native/moodem/src/js/Utils/Helpers/validators/formValidator.js": {"path":"/Users/sergiumironescuiancu1/Desktop/Sergio/React/React_Native/moodem/src/js/Utils/Helpers/validators/formValidator.js","statementMap":{"0":{"start":{"line":3,"column":30},"end":{"line":7,"column":1}},"1":{"start":{"line":4,"column":33},"end":{"line":4,"column":72}},"2":{"start":{"line":5,"column":34},"end":{"line":5,"column":45}},"3":{"start":{"line":6,"column":37},"end":{"line":6,"column":50}}},"fnMap":{"0":{"name":"(anonymous_0)","decl":{"start":{"line":4,"column":26},"end":{"line":4,"column":27}},"loc":{"start":{"line":4,"column":33},"end":{"line":4,"column":72}},"line":4},"1":{"name":"(anonymous_1)","decl":{"start":{"line":5,"column":27},"end":{"line":5,"column":28}},"loc":{"start":{"line":5,"column":34},"end":{"line":5,"column":45}},"line":5},"2":{"name":"(anonymous_2)","decl":{"start":{"line":6,"column":30},"end":{"line":6,"column":31}},"loc":{"start":{"line":6,"column":37},"end":{"line":6,"column":50}},"line":6}},"branchMap":{"0":{"loc":{"start":{"line":4,"column":33},"end":{"line":4,"column":72}},"type":"binary-expr","locations":[{"start":{"line":4,"column":33},"end":{"line":4,"column":54}},{"start":{"line":4,"column":58},"end":{"line":4,"column":72}}],"line":4}},"s":{"0":0,"1":0,"2":0,"3":0},"f":{"0":0,"1":0,"2":0},"b":{"0":[0,0]},"hash":"8a300fa060e16271f8399b71111c3d7aeb54c324"}
,"/Users/sergiumironescuiancu1/Desktop/Sergio/React/React_Native/moodem/src/js/Utils/constants/firebase.js": {"path":"/Users/sergiumironescuiancu1/Desktop/Sergio/React/React_Native/moodem/src/js/Utils/constants/firebase.js","statementMap":{"0":{"start":{"line":3,"column":30},"end":{"line":10,"column":1}}},"fnMap":{},"branchMap":{},"s":{"0":0},"f":{},"b":{},"hash":"b83fb2b0e194c84ec5c785f35e4b1329b945d870"}
,"/Users/sergiumironescuiancu1/Desktop/Sergio/React/React_Native/moodem/src/js/Utils/constants/form.js": {"path":"/Users/sergiumironescuiancu1/Desktop/Sergio/React/React_Native/moodem/src/js/Utils/constants/form.js","statementMap":{"0":{"start":{"line":1,"column":27},"end":{"line":13,"column":1}}},"fnMap":{},"branchMap":{},"s":{"0":0},"f":{},"b":{},"hash":"96d31c04d179e703ab5140c5db03d321140a3c4b"}
,"/Users/sergiumironescuiancu1/Desktop/Sergio/React/React_Native/moodem/src/js/Utils/constants/spotify.js": {"path":"/Users/sergiumironescuiancu1/Desktop/Sergio/React/React_Native/moodem/src/js/Utils/constants/spotify.js","statementMap":{"0":{"start":{"line":1,"column":35},"end":{"line":5,"column":1}},"1":{"start":{"line":6,"column":31},"end":{"line":8,"column":111}},"2":{"start":{"line":9,"column":27},"end":{"line":9,"column":52}},"3":{"start":{"line":10,"column":28},"end":{"line":10,"column":58}}},"fnMap":{},"branchMap":{},"s":{"0":0,"1":0,"2":0,"3":0},"f":{},"b":{},"hash":"87e11282927a83b70ecec57b6ea0c1af51151091"}
,"/Users/sergiumironescuiancu1/Desktop/Sergio/React/React_Native/moodem/src/js/Utils/constants/Api/apiKeys.js": {"path":"/Users/sergiumironescuiancu1/Desktop/Sergio/React/React_Native/moodem/src/js/Utils/constants/Api/apiKeys.js","statementMap":{"0":{"start":{"line":2,"column":32},"end":{"line":2,"column":73}},"1":{"start":{"line":3,"column":22},"end":{"line":3,"column":56}},"2":{"start":{"line":4,"column":26},"end":{"line":4,"column":101}}},"fnMap":{},"branchMap":{},"s":{"0":0,"1":0,"2":0},"f":{},"b":{},"hash":"39e5f8ac85df3bd2928fd5532bdd931403b26a03"}
}
